2025-08-15 10:48:51,482 - INFO - 开始坐标提取模式，PDF: D:\git\zhaoxin-contract-tool-set\sdk\uploads\compare\old_20250815104847882.pdf
2025-08-15 10:48:51,482 - INFO - 设置: DPI=150, 最小置信度=0.5, 调试模式=开启
2025-08-15 10:48:51,482 - INFO - GPU模式: 开启
2025-08-15 10:48:51,777 - INFO - 未检测到GPU支持，使用CPU执行
2025-08-15 10:48:51,777 - WARNING - GPU不可用，回退到CPU执行
2025-08-15 10:48:52,239 - INFO - RapidOCR模型初始化完成
2025-08-15 10:48:52,248 - INFO - PDF总页数: 9
2025-08-15 10:48:52,248 - INFO - 开始处理页面...
2025-08-15 10:48:52,249 - INFO - 处理第 1/9 页...
2025-08-15 10:48:52,284 - INFO -   页面渲染完成，尺寸: 1241x1754，耗时: 0.04秒
2025-08-15 10:48:53,887 - DEBUG -   识别文字: '肇新合同管理系统' (置信度: 0.813)
2025-08-15 10:48:53,887 - DEBUG -   边界框: [[403.0, 437.0], [837.0, 440.0], [837.0, 492.0], [403.0, 490.0]]
2025-08-15 10:48:53,887 - DEBUG -   字符数量: 8
2025-08-15 10:48:53,887 - DEBUG -   识别文字: '源码销售合同' (置信度: 0.845)
2025-08-15 10:48:53,887 - DEBUG -   边界框: [[458.0, 552.0], [778.0, 552.0], [778.0, 602.0], [458.0, 602.0]]
2025-08-15 10:48:53,887 - DEBUG -   字符数量: 6
2025-08-15 10:48:53,887 - DEBUG -   识别文字: '甲方:' (置信度: 0.655)
2025-08-15 10:48:53,888 - DEBUG -   边界框: [[375.0, 738.0], [455.0, 738.0], [455.0, 773.0], [375.0, 773.0]]
2025-08-15 10:48:53,888 - DEBUG -   字符数量: 3
2025-08-15 10:48:53,888 - DEBUG -   识别文字: '乙方：山西肇新科技有限公司' (置信度: 0.829)
2025-08-15 10:48:53,888 - DEBUG -   边界框: [[379.0, 919.0], [770.0, 921.0], [770.0, 951.0], [379.0, 949.0]]
2025-08-15 10:48:53,888 - DEBUG -   字符数量: 13
2025-08-15 10:48:53,888 - INFO - 第 1/9 页处理完成
2025-08-15 10:48:53,888 - INFO -   识别项目数: 4
2025-08-15 10:48:53,888 - INFO -   OCR耗时: 1.60秒
2025-08-15 10:48:53,888 - INFO -   页面总耗时: 1.64秒
2025-08-15 10:48:53,888 - INFO -   总体进度: 11.1% (1/9)
2025-08-15 10:48:53,888 - INFO - ------------------------------
2025-08-15 10:48:53,888 - INFO - 处理第 2/9 页...
2025-08-15 10:48:53,918 - INFO -   页面渲染完成，尺寸: 1241x1754，耗时: 0.03秒
2025-08-15 10:48:58,567 - DEBUG -   识别文字: '甲方：' (置信度: 0.697)
2025-08-15 10:48:58,568 - DEBUG -   边界框: [[185.0, 154.0], [261.0, 157.0], [260.0, 189.0], [184.0, 186.0]]
2025-08-15 10:48:58,568 - DEBUG -   字符数量: 3
2025-08-15 10:48:58,568 - DEBUG -   识别文字: '法定代表人：' (置信度: 0.793)
2025-08-15 10:48:58,568 - DEBUG -   边界框: [[187.0, 208.0], [330.0, 210.0], [330.0, 238.0], [187.0, 236.0]]
2025-08-15 10:48:58,568 - DEBUG -   字符数量: 6
2025-08-15 10:48:58,568 - DEBUG -   识别文字: '住所地：' (置信度: 0.693)
2025-08-15 10:48:58,568 - DEBUG -   边界框: [[187.0, 260.0], [283.0, 260.0], [283.0, 288.0], [187.0, 288.0]]
2025-08-15 10:48:58,568 - DEBUG -   字符数量: 4
2025-08-15 10:48:58,568 - DEBUG -   识别文字: '乙方：山西肇新科技有限公司' (置信度: 0.889)
2025-08-15 10:48:58,568 - DEBUG -   边界框: [[189.0, 363.0], [509.0, 363.0], [509.0, 389.0], [189.0, 389.0]]
2025-08-15 10:48:58,568 - DEBUG -   字符数量: 13
2025-08-15 10:48:58,570 - DEBUG -   识别文字: '法定代表人：范忠' (置信度: 0.882)
2025-08-15 10:48:58,570 - DEBUG -   边界框: [[188.0, 415.0], [386.0, 415.0], [386.0, 441.0], [188.0, 441.0]]
2025-08-15 10:48:58,571 - DEBUG -   字符数量: 8
2025-08-15 10:48:58,571 - DEBUG -   识别文字: '住所地：太原市小店区平阳路1号金茂大厦B座26层A2-B-C-D-E-F区' (置信度: 0.931)
2025-08-15 10:48:58,571 - DEBUG -   边界框: [[189.0, 465.0], [911.0, 464.0], [911.0, 490.0], [189.0, 491.0]]
2025-08-15 10:48:58,571 - DEBUG -   字符数量: 37
2025-08-15 10:48:58,571 - DEBUG -   识别文字: '甲乙双方就购买软件产品：' (置信度: 0.895)
2025-08-15 10:48:58,571 - DEBUG -   边界框: [[190.0, 564.0], [513.0, 564.0], [513.0, 587.0], [190.0, 587.0]]
2025-08-15 10:48:58,571 - DEBUG -   字符数量: 12
2025-08-15 10:48:58,571 - DEBUG -   识别文字: '肇新合同管理系统V1.4（以下简称：合同管理' (置信度: 0.908)
2025-08-15 10:48:58,571 - DEBUG -   边界框: [[518.0, 562.0], [1052.0, 562.0], [1052.0, 588.0], [518.0, 588.0]]
2025-08-15 10:48:58,571 - DEBUG -   字符数量: 22
2025-08-15 10:48:58,572 - DEBUG -   识别文字: '系统）源码授权服务事宜，经协商一致，达成如下合同：' (置信度: 0.906)
2025-08-15 10:48:58,572 - DEBUG -   边界框: [[188.0, 613.0], [819.0, 614.0], [819.0, 640.0], [188.0, 639.0]]
2025-08-15 10:48:58,572 - DEBUG -   字符数量: 25
2025-08-15 10:48:58,572 - DEBUG -   识别文字: '一、定义' (置信度: 0.763)
2025-08-15 10:48:58,572 - DEBUG -   边界框: [[186.0, 690.0], [307.0, 687.0], [308.0, 725.0], [186.0, 728.0]]
2025-08-15 10:48:58,572 - DEBUG -   字符数量: 4
2025-08-15 10:48:58,572 - DEBUG -   识别文字: '1.1软件或许可软件：许可方授权被许可方使用的软件的全部源代码。' (置信度: 0.939)
2025-08-15 10:48:58,572 - DEBUG -   边界框: [[189.0, 780.0], [945.0, 780.0], [945.0, 803.0], [189.0, 803.0]]
2025-08-15 10:48:58,572 - DEBUG -   字符数量: 32
2025-08-15 10:48:58,572 - DEBUG -   识别文字: '1.2派生作品：被许可方依据本合同对许可软件所作的任何离散的修改，以及' (置信度: 0.930)
2025-08-15 10:48:58,572 - DEBUG -   边界框: [[185.0, 840.0], [1050.0, 840.0], [1050.0, 866.0], [185.0, 866.0]]
2025-08-15 10:48:58,572 - DEBUG -   字符数量: 35
2025-08-15 10:48:58,572 - DEBUG -   识别文字: '许可软件的任何修改、变更、改进或改编版本，或基于许可软件的任何其他派' (置信度: 0.905)
2025-08-15 10:48:58,572 - DEBUG -   边界框: [[187.0, 901.0], [1051.0, 902.0], [1051.0, 928.0], [187.0, 927.0]]
2025-08-15 10:48:58,572 - DEBUG -   字符数量: 34
2025-08-15 10:48:58,572 - DEBUG -   识别文字: '生作品。' (置信度: 0.725)
2025-08-15 10:48:58,572 - DEBUG -   边界框: [[186.0, 959.0], [275.0, 962.0], [274.0, 994.0], [185.0, 991.0]]
2025-08-15 10:48:58,572 - DEBUG -   字符数量: 4
2025-08-15 10:48:58,572 - DEBUG -   识别文字: '二、许可软件' (置信度: 0.857)
2025-08-15 10:48:58,572 - DEBUG -   边界框: [[188.0, 1053.0], [364.0, 1050.0], [364.0, 1083.0], [188.0, 1085.0]]
2025-08-15 10:48:58,572 - DEBUG -   字符数量: 6
2025-08-15 10:48:58,572 - DEBUG -   识别文字: '2.1乙方授权甲方使用如下软件：' (置信度: 0.856)
2025-08-15 10:48:58,572 - DEBUG -   边界框: [[189.0, 1140.0], [543.0, 1140.0], [543.0, 1163.0], [189.0, 1163.0]]
2025-08-15 10:48:58,572 - DEBUG -   字符数量: 16
2025-08-15 10:48:58,572 - DEBUG -   识别文字: '软件名称：肇新合同管理系统' (置信度: 0.892)
2025-08-15 10:48:58,573 - DEBUG -   边界框: [[187.0, 1200.0], [525.0, 1200.0], [525.0, 1226.0], [187.0, 1226.0]]
2025-08-15 10:48:58,573 - DEBUG -   字符数量: 13
2025-08-15 10:48:58,573 - DEBUG -   识别文字: '软著登记号：2023SR1275530' (置信度: 0.924)
2025-08-15 10:48:58,573 - DEBUG -   边界框: [[187.0, 1262.0], [525.0, 1262.0], [525.0, 1288.0], [187.0, 1288.0]]
2025-08-15 10:48:58,573 - DEBUG -   字符数量: 19
2025-08-15 10:48:58,573 - DEBUG -   识别文字: '本次许可版本：V1.4' (置信度: 0.911)
2025-08-15 10:48:58,573 - DEBUG -   边界框: [[188.0, 1321.0], [431.0, 1321.0], [431.0, 1347.0], [188.0, 1347.0]]
2025-08-15 10:48:58,573 - DEBUG -   字符数量: 11
2025-08-15 10:48:58,573 - DEBUG -   识别文字: '许可安装数量：不限' (置信度: 0.893)
2025-08-15 10:48:58,573 - DEBUG -   边界框: [[187.0, 1385.0], [429.0, 1385.0], [429.0, 1411.0], [187.0, 1411.0]]
2025-08-15 10:48:58,573 - DEBUG -   字符数量: 9
2025-08-15 10:48:58,573 - DEBUG -   识别文字: '授权期限：本授权为永久授权，自合同签订之日起生效。' (置信度: 0.918)
2025-08-15 10:48:58,573 - DEBUG -   边界框: [[188.0, 1446.0], [809.0, 1446.0], [809.0, 1472.0], [188.0, 1472.0]]
2025-08-15 10:48:58,573 - DEBUG -   字符数量: 25
2025-08-15 10:48:58,573 - DEBUG -   识别文字: '方提供服务。甲方可以根据自身业务需求，对软件进行修改、改进或扩展，以' (置信度: 0.889)
2025-08-15 10:48:58,573 - DEBUG -   边界框: [[189.0, 1571.0], [1051.0, 1571.0], [1051.0, 1594.0], [189.0, 1594.0]]
2025-08-15 10:48:58,573 - DEBUG -   字符数量: 34
2025-08-15 10:48:58,573 - INFO - 第 2/9 页处理完成
2025-08-15 10:48:58,573 - INFO -   识别项目数: 22
2025-08-15 10:48:58,573 - INFO -   OCR耗时: 4.65秒
2025-08-15 10:48:58,573 - INFO -   页面总耗时: 4.69秒
2025-08-15 10:48:58,574 - INFO -   总体进度: 22.2% (2/9)
2025-08-15 10:48:58,574 - INFO - ------------------------------
2025-08-15 10:48:58,574 - INFO - 处理第 3/9 页...
2025-08-15 10:48:58,619 - INFO -   页面渲染完成，尺寸: 1241x1754，耗时: 0.05秒
2025-08-15 10:49:03,200 - DEBUG -   识别文字: '适应特定的业务场景。乙方保留对原始软件的所有知识产权，甲方进行的二次' (置信度: 0.915)
2025-08-15 10:49:03,200 - DEBUG -   边界框: [[187.0, 157.0], [1051.0, 159.0], [1051.0, 185.0], [187.0, 183.0]]
2025-08-15 10:49:03,200 - DEBUG -   字符数量: 34
2025-08-15 10:49:03,200 - DEBUG -   识别文字: '开发产生的新代码和改进，其知识产权归属于甲方。' (置信度: 0.923)
2025-08-15 10:49:03,200 - DEBUG -   边界框: [[189.0, 221.0], [746.0, 221.0], [746.0, 244.0], [189.0, 244.0]]
2025-08-15 10:49:03,200 - DEBUG -   字符数量: 23
2025-08-15 10:49:03,200 - DEBUG -   识别文字: '2.3授权限制：' (置信度: 0.849)
2025-08-15 10:49:03,200 - DEBUG -   边界框: [[187.0, 280.0], [342.0, 282.0], [342.0, 309.0], [187.0, 307.0]]
2025-08-15 10:49:03,200 - DEBUG -   字符数量: 8
2025-08-15 10:49:03,200 - DEBUG -   识别文字: '（1）甲方不得将授权源码及其派生作品出租、出借、出售、分发或以任何' (置信度: 0.929)
2025-08-15 10:49:03,200 - DEBUG -   边界框: [[224.0, 340.0], [1052.0, 341.0], [1052.0, 371.0], [224.0, 370.0]]
2025-08-15 10:49:03,200 - DEBUG -   字符数量: 33
2025-08-15 10:49:03,200 - DEBUG -   识别文字: '形式转让给第三方。' (置信度: 0.845)
2025-08-15 10:49:03,200 - DEBUG -   边界框: [[286.0, 404.0], [496.0, 404.0], [496.0, 430.0], [286.0, 430.0]]
2025-08-15 10:49:03,200 - DEBUG -   字符数量: 9
2025-08-15 10:49:03,200 - DEBUG -   识别文字: '（2）本合同约定的软件许可为不可转让的、无权分许可的普通许可。' (置信度: 0.814)
2025-08-15 10:49:03,200 - DEBUG -   边界框: [[224.0, 463.0], [973.0, 463.0], [973.0, 493.0], [224.0, 493.0]]
2025-08-15 10:49:03,200 - DEBUG -   字符数量: 31
2025-08-15 10:49:03,200 - DEBUG -   识别文字: '三、产品授权信息' (置信度: 0.763)
2025-08-15 10:49:03,200 - DEBUG -   边界框: [[188.0, 554.0], [420.0, 556.0], [419.0, 586.0], [188.0, 584.0]]
2025-08-15 10:49:03,200 - DEBUG -   字符数量: 8
2025-08-15 10:49:03,200 - DEBUG -   识别文字: '被授权公司/单位名称' (置信度: 0.899)
2025-08-15 10:49:03,201 - DEBUG -   边界框: [[156.0, 641.0], [366.0, 643.0], [366.0, 669.0], [156.0, 667.0]]
2025-08-15 10:49:03,201 - DEBUG -   字符数量: 10
2025-08-15 10:49:03,201 - DEBUG -   识别文字: '授权域名' (置信度: 0.799)
2025-08-15 10:49:03,201 - DEBUG -   边界框: [[216.0, 691.0], [304.0, 691.0], [304.0, 719.0], [216.0, 719.0]]
2025-08-15 10:49:03,201 - DEBUG -   字符数量: 4
2025-08-15 10:49:03,201 - DEBUG -   识别文字: '资料接收邮箱' (置信度: 0.852)
2025-08-15 10:49:03,201 - DEBUG -   边界框: [[662.0, 693.0], [793.0, 693.0], [793.0, 717.0], [662.0, 717.0]]
2025-08-15 10:49:03,201 - DEBUG -   字符数量: 6
2025-08-15 10:49:03,201 - DEBUG -   识别文字: '项目联系人' (置信度: 0.803)
2025-08-15 10:49:03,201 - DEBUG -   边界框: [[205.0, 741.0], [316.0, 741.0], [316.0, 768.0], [205.0, 768.0]]
2025-08-15 10:49:03,201 - DEBUG -   字符数量: 5
2025-08-15 10:49:03,201 - DEBUG -   识别文字: '联系人电话' (置信度: 0.752)
2025-08-15 10:49:03,201 - DEBUG -   边界框: [[669.0, 738.0], [784.0, 741.0], [783.0, 769.0], [668.0, 766.0]]
2025-08-15 10:49:03,201 - DEBUG -   字符数量: 5
2025-08-15 10:49:03,201 - DEBUG -   识别文字: '文件邮递地址及联系方式' (置信度: 0.880)
2025-08-15 10:49:03,201 - DEBUG -   边界框: [[142.0, 809.0], [382.0, 809.0], [382.0, 832.0], [142.0, 832.0]]
2025-08-15 10:49:03,201 - DEBUG -   字符数量: 11
2025-08-15 10:49:03,201 - DEBUG -   识别文字: '四、双方权利义务' (置信度: 0.881)
2025-08-15 10:49:03,201 - DEBUG -   边界框: [[190.0, 948.0], [419.0, 948.0], [419.0, 978.0], [190.0, 978.0]]
2025-08-15 10:49:03,201 - DEBUG -   字符数量: 8
2025-08-15 10:49:03,201 - DEBUG -   识别文字: '4.1乙方承诺：' (置信度: 0.836)
2025-08-15 10:49:03,201 - DEBUG -   边界框: [[187.0, 1032.0], [358.0, 1032.0], [358.0, 1058.0], [187.0, 1058.0]]
2025-08-15 10:49:03,201 - DEBUG -   字符数量: 8
2025-08-15 10:49:03,201 - DEBUG -   识别文字: '4.1.1' (置信度: 0.749)
2025-08-15 10:49:03,201 - DEBUG -   边界框: [[184.0, 1092.0], [281.0, 1094.0], [280.0, 1122.0], [184.0, 1120.0]]
2025-08-15 10:49:03,201 - DEBUG -   字符数量: 5
2025-08-15 10:49:03,201 - DEBUG -   识别文字: '乙方软件为原创软件，不涉及其他原始作品权利，软件不存在抄袭、票' (置信度: 0.903)
2025-08-15 10:49:03,201 - DEBUG -   边界框: [[274.0, 1096.0], [1053.0, 1096.0], [1053.0, 1119.0], [274.0, 1119.0]]
2025-08-15 10:49:03,201 - DEBUG -   字符数量: 31
2025-08-15 10:49:03,202 - DEBUG -   识别文字: '窃他人软件或侵犯任何其他第三人知识产权、智力成果及合法权益的情形。' (置信度: 0.931)
2025-08-15 10:49:03,202 - DEBUG -   边界框: [[189.0, 1156.0], [996.0, 1156.0], [996.0, 1182.0], [189.0, 1182.0]]
2025-08-15 10:49:03,202 - DEBUG -   字符数量: 33
2025-08-15 10:49:03,202 - DEBUG -   识别文字: '4.1.2乙方向甲方承诺以上软件产品系经严格测试、成熟稳定、无病毒及重大' (置信度: 0.920)
2025-08-15 10:49:03,202 - DEBUG -   边界框: [[184.0, 1215.0], [1052.0, 1216.0], [1052.0, 1243.0], [184.0, 1242.0]]
2025-08-15 10:49:03,202 - DEBUG -   字符数量: 36
2025-08-15 10:49:03,202 - DEBUG -   识别文字: '缺陷的软件产品。' (置信度: 0.837)
2025-08-15 10:49:03,202 - DEBUG -   边界框: [[188.0, 1279.0], [370.0, 1279.0], [370.0, 1306.0], [188.0, 1306.0]]
2025-08-15 10:49:03,202 - DEBUG -   字符数量: 8
2025-08-15 10:49:03,202 - DEBUG -   识别文字: '4.1.3乙方承诺以上产品无任何著作权归属的纠纷，并承诺以上产品皆为可执' (置信度: 0.946)
2025-08-15 10:49:03,202 - DEBUG -   边界框: [[185.0, 1337.0], [1051.0, 1337.0], [1051.0, 1366.0], [185.0, 1366.0]]
2025-08-15 10:49:03,202 - DEBUG -   字符数量: 36
2025-08-15 10:49:03,202 - DEBUG -   识别文字: '行的软件产品，未在其中设置任何妨碍软件正常运行的限制措施。' (置信度: 0.918)
2025-08-15 10:49:03,202 - DEBUG -   边界框: [[188.0, 1402.0], [896.0, 1402.0], [896.0, 1428.0], [188.0, 1428.0]]
2025-08-15 10:49:03,202 - DEBUG -   字符数量: 29
2025-08-15 10:49:03,202 - DEBUG -   识别文字: '若乙方上述承诺不属实，没有提前如实告知甲方存在权利缺陷，甲方有权拒绝' (置信度: 0.944)
2025-08-15 10:49:03,202 - DEBUG -   边界框: [[187.0, 1462.0], [1052.0, 1463.0], [1052.0, 1489.0], [187.0, 1488.0]]
2025-08-15 10:49:03,202 - DEBUG -   字符数量: 34
2025-08-15 10:49:03,203 - DEBUG -   识别文字: '支付使用费，并要求乙方补偿由此而支付的额外费用。在合同有效期内，若发' (置信度: 0.938)
2025-08-15 10:49:03,203 - DEBUG -   边界框: [[189.0, 1526.0], [1051.0, 1526.0], [1051.0, 1549.0], [189.0, 1549.0]]
2025-08-15 10:49:03,203 - DEBUG -   字符数量: 34
2025-08-15 10:49:03,203 - INFO - 第 3/9 页处理完成
2025-08-15 10:49:03,203 - INFO -   识别项目数: 24
2025-08-15 10:49:03,203 - INFO -   OCR耗时: 4.58秒
2025-08-15 10:49:03,203 - INFO -   页面总耗时: 4.63秒
2025-08-15 10:49:03,203 - INFO -   总体进度: 33.3% (3/9)
2025-08-15 10:49:03,203 - INFO - ------------------------------
2025-08-15 10:49:03,203 - INFO - 处理第 4/9 页...
2025-08-15 10:49:03,244 - INFO -   页面渲染完成，尺寸: 1241x1754，耗时: 0.04秒
2025-08-15 10:49:08,055 - DEBUG -   识别文字: '生第三方提出侵权的控诉，应由乙方到庭应诉并承担法律责任，一切与甲方无' (置信度: 0.901)
2025-08-15 10:49:08,055 - DEBUG -   边界框: [[188.0, 157.0], [1052.0, 158.0], [1052.0, 184.0], [188.0, 183.0]]
2025-08-15 10:49:08,056 - DEBUG -   字符数量: 34
2025-08-15 10:49:08,056 - DEBUG -   识别文字: '关，甲方因此支出的相关费用可向乙方追偿。' (置信度: 0.899)
2025-08-15 10:49:08,056 - DEBUG -   边界框: [[189.0, 221.0], [671.0, 221.0], [671.0, 244.0], [189.0, 244.0]]
2025-08-15 10:49:08,056 - DEBUG -   字符数量: 20
2025-08-15 10:49:08,056 - DEBUG -   识别文字: '4.2乙方向甲方提供任何软件、代码、文件、文档及材料等均不构成向甲方转' (置信度: 0.928)
2025-08-15 10:49:08,056 - DEBUG -   边界框: [[184.0, 280.0], [1053.0, 280.0], [1053.0, 309.0], [184.0, 309.0]]
2025-08-15 10:49:08,056 - DEBUG -   字符数量: 35
2025-08-15 10:49:08,056 - DEBUG -   识别文字: '让任何乙方知识产权。' (置信度: 0.904)
2025-08-15 10:49:08,056 - DEBUG -   边界框: [[188.0, 343.0], [422.0, 343.0], [422.0, 369.0], [188.0, 369.0]]
2025-08-15 10:49:08,056 - DEBUG -   字符数量: 10
2025-08-15 10:49:08,056 - DEBUG -   识别文字: '4.3如甲方未能遵守本合同的条款，乙方有权终止软件授权，甲方所被许可的' (置信度: 0.914)
2025-08-15 10:49:08,056 - DEBUG -   边界框: [[185.0, 403.0], [1052.0, 404.0], [1052.0, 430.0], [185.0, 429.0]]
2025-08-15 10:49:08,056 - DEBUG -   字符数量: 35
2025-08-15 10:49:08,056 - DEBUG -   识别文字: '授权将被收回，并承担相应法律责任。' (置信度: 0.925)
2025-08-15 10:49:08,056 - DEBUG -   边界框: [[187.0, 465.0], [597.0, 466.0], [597.0, 492.0], [187.0, 491.0]]
2025-08-15 10:49:08,056 - DEBUG -   字符数量: 17
2025-08-15 10:49:08,056 - DEBUG -   识别文字: '五、交付' (置信度: 0.786)
2025-08-15 10:49:08,056 - DEBUG -   边界框: [[184.0, 552.0], [306.0, 554.0], [306.0, 589.0], [184.0, 587.0]]
2025-08-15 10:49:08,056 - DEBUG -   字符数量: 4
2025-08-15 10:49:08,056 - DEBUG -   识别文字: '5.1交付：可交付物以第三条约定的电子邮件方式传递。' (置信度: 0.911)
2025-08-15 10:49:08,056 - DEBUG -   边界框: [[188.0, 640.0], [784.0, 641.0], [784.0, 667.0], [188.0, 666.0]]
2025-08-15 10:49:08,056 - DEBUG -   字符数量: 26
2025-08-15 10:49:08,056 - DEBUG -   识别文字: '六、配套技术服务' (置信度: 0.755)
2025-08-15 10:49:08,056 - DEBUG -   边界框: [[186.0, 729.0], [419.0, 732.0], [418.0, 761.0], [186.0, 759.0]]
2025-08-15 10:49:08,056 - DEBUG -   字符数量: 8
2025-08-15 10:49:08,056 - DEBUG -   识别文字: '6.1软件操作指导' (置信度: 0.899)
2025-08-15 10:49:08,057 - DEBUG -   边界框: [[187.0, 814.0], [387.0, 816.0], [387.0, 843.0], [187.0, 841.0]]
2025-08-15 10:49:08,057 - DEBUG -   字符数量: 9
2025-08-15 10:49:08,057 - DEBUG -   识别文字: '本项目付款后3个月内，乙方应根据甲方的请求，指派技术人员向甲方提供' (置信度: 0.966)
2025-08-15 10:49:08,057 - DEBUG -   边界框: [[232.0, 877.0], [1053.0, 878.0], [1053.0, 904.0], [232.0, 903.0]]
2025-08-15 10:49:08,057 - DEBUG -   字符数量: 33
2025-08-15 10:49:08,057 - DEBUG -   识别文字: '技术培训，以传授开发软件的操作或使用方法。' (置信度: 0.913)
2025-08-15 10:49:08,057 - DEBUG -   边界框: [[187.0, 939.0], [695.0, 939.0], [695.0, 965.0], [187.0, 965.0]]
2025-08-15 10:49:08,057 - DEBUG -   字符数量: 21
2025-08-15 10:49:08,057 - DEBUG -   识别文字: '培训方式：腾讯会议;' (置信度: 0.863)
2025-08-15 10:49:08,057 - DEBUG -   边界框: [[232.0, 1002.0], [465.0, 1002.0], [465.0, 1027.0], [232.0, 1027.0]]
2025-08-15 10:49:08,057 - DEBUG -   字符数量: 10
2025-08-15 10:49:08,057 - DEBUG -   识别文字: '培训次数：不少于2次，每次不少于3小时。' (置信度: 0.948)
2025-08-15 10:49:08,057 - DEBUG -   边界框: [[231.0, 1050.0], [691.0, 1050.0], [691.0, 1079.0], [231.0, 1079.0]]
2025-08-15 10:49:08,057 - DEBUG -   字符数量: 20
2025-08-15 10:49:08,057 - DEBUG -   识别文字: '若甲方需要线下培训，则乙方指派1名具有_从业3年以上经验、精通标' (置信度: 0.906)
2025-08-15 10:49:08,057 - DEBUG -   边界框: [[232.0, 1110.0], [1053.0, 1111.0], [1053.0, 1140.0], [232.0, 1139.0]]
2025-08-15 10:49:08,057 - DEBUG -   字符数量: 32
2025-08-15 10:49:08,057 - DEBUG -   识别文字: '的产品操作的专业工作人员为甲方工作人员提供培训课程，提高甲方工作人员' (置信度: 0.908)
2025-08-15 10:49:08,057 - DEBUG -   边界框: [[189.0, 1175.0], [1052.0, 1175.0], [1052.0, 1201.0], [189.0, 1201.0]]
2025-08-15 10:49:08,057 - DEBUG -   字符数量: 34
2025-08-15 10:49:08,057 - DEBUG -   识别文字: '软件操作素养，乙方人员提供技术培训而产生的差旅费用和人工费用由甲方负' (置信度: 0.917)
2025-08-15 10:49:08,057 - DEBUG -   边界框: [[189.0, 1238.0], [1050.0, 1238.0], [1050.0, 1261.0], [189.0, 1261.0]]
2025-08-15 10:49:08,057 - DEBUG -   字符数量: 34
2025-08-15 10:49:08,057 - DEBUG -   识别文字: '责。' (置信度: 0.663)
2025-08-15 10:49:08,057 - DEBUG -   边界框: [[184.0, 1295.0], [226.0, 1295.0], [226.0, 1327.0], [184.0, 1327.0]]
2025-08-15 10:49:08,057 - DEBUG -   字符数量: 2
2025-08-15 10:49:08,057 - DEBUG -   识别文字: '6.2文档交付' (置信度: 0.826)
2025-08-15 10:49:08,057 - DEBUG -   边界框: [[187.0, 1357.0], [338.0, 1359.0], [338.0, 1386.0], [187.0, 1384.0]]
2025-08-15 10:49:08,057 - DEBUG -   字符数量: 7
2025-08-15 10:49:08,057 - DEBUG -   识别文字: '本项目付款后，乙方向甲方交付如下原始文档，供甲方二次开发使用。' (置信度: 0.954)
2025-08-15 10:49:08,058 - DEBUG -   边界框: [[239.0, 1420.0], [997.0, 1420.0], [997.0, 1446.0], [239.0, 1446.0]]
2025-08-15 10:49:08,058 - DEBUG -   字符数量: 31
2025-08-15 10:49:08,058 - DEBUG -   识别文字: '（1）用户手册' (置信度: 0.824)
2025-08-15 10:49:08,058 - DEBUG -   边界框: [[264.0, 1482.0], [412.0, 1482.0], [412.0, 1509.0], [264.0, 1509.0]]
2025-08-15 10:49:08,058 - DEBUG -   字符数量: 7
2025-08-15 10:49:08,058 - DEBUG -   识别文字: '（2）需求规格说明书' (置信度: 0.857)
2025-08-15 10:49:08,058 - DEBUG -   边界框: [[265.0, 1543.0], [488.0, 1543.0], [488.0, 1569.0], [265.0, 1569.0]]
2025-08-15 10:49:08,058 - DEBUG -   字符数量: 10
2025-08-15 10:49:08,058 - INFO - 第 4/9 页处理完成
2025-08-15 10:49:08,058 - INFO -   识别项目数: 22
2025-08-15 10:49:08,058 - INFO -   OCR耗时: 4.81秒
2025-08-15 10:49:08,058 - INFO -   页面总耗时: 4.85秒
2025-08-15 10:49:08,058 - INFO -   总体进度: 44.4% (4/9)
2025-08-15 10:49:08,058 - INFO - ------------------------------
2025-08-15 10:49:08,058 - INFO - 处理第 5/9 页...
2025-08-15 10:49:08,086 - INFO -   页面渲染完成，尺寸: 1241x1754，耗时: 0.03秒
2025-08-15 10:49:10,864 - DEBUG -   识别文字: '（3）详细设计说明书' (置信度: 0.835)
2025-08-15 10:49:10,864 - DEBUG -   边界框: [[265.0, 157.0], [488.0, 157.0], [488.0, 183.0], [265.0, 183.0]]
2025-08-15 10:49:10,864 - DEBUG -   字符数量: 10
2025-08-15 10:49:10,864 - DEBUG -   识别文字: '（4）数据库设计文档' (置信度: 0.760)
2025-08-15 10:49:10,864 - DEBUG -   边界框: [[264.0, 218.0], [489.0, 218.0], [489.0, 245.0], [264.0, 245.0]]
2025-08-15 10:49:10,864 - DEBUG -   字符数量: 10
2025-08-15 10:49:10,864 - DEBUG -   识别文字: '（5）部署设计文档' (置信度: 0.813)
2025-08-15 10:49:10,864 - DEBUG -   边界框: [[264.0, 280.0], [463.0, 280.0], [463.0, 307.0], [264.0, 307.0]]
2025-08-15 10:49:10,864 - DEBUG -   字符数量: 9
2025-08-15 10:49:10,864 - DEBUG -   识别文字: '（6）接口设计文档' (置信度: 0.886)
2025-08-15 10:49:10,864 - DEBUG -   边界框: [[263.0, 340.0], [462.0, 340.0], [462.0, 367.0], [263.0, 367.0]]
2025-08-15 10:49:10,864 - DEBUG -   字符数量: 9
2025-08-15 10:49:10,864 - DEBUG -   识别文字: '（7）合同模块接口' (置信度: 0.883)
2025-08-15 10:49:10,864 - DEBUG -   边界框: [[263.0, 401.0], [461.0, 403.0], [461.0, 431.0], [262.0, 428.0]]
2025-08-15 10:49:10,864 - DEBUG -   字符数量: 9
2025-08-15 10:49:10,864 - DEBUG -   识别文字: '（8）系统配置模块接口' (置信度: 0.899)
2025-08-15 10:49:10,864 - DEBUG -   边界框: [[263.0, 464.0], [509.0, 464.0], [509.0, 490.0], [263.0, 490.0]]
2025-08-15 10:49:10,864 - DEBUG -   字符数量: 11
2025-08-15 10:49:10,864 - DEBUG -   识别文字: '（9）肇新合同系统测试报告' (置信度: 0.874)
2025-08-15 10:49:10,864 - DEBUG -   边界框: [[263.0, 524.0], [561.0, 525.0], [561.0, 552.0], [262.0, 551.0]]
2025-08-15 10:49:10,865 - DEBUG -   字符数量: 13
2025-08-15 10:49:10,865 - DEBUG -   识别文字: '（10）肇新合同系统测试执行报告' (置信度: 0.914)
2025-08-15 10:49:10,865 - DEBUG -   边界框: [[263.0, 586.0], [624.0, 587.0], [623.0, 614.0], [262.0, 613.0]]
2025-08-15 10:49:10,865 - DEBUG -   字符数量: 16
2025-08-15 10:49:10,865 - DEBUG -   识别文字: '（11）肇新合同管理系统功能清单v1.4' (置信度: 0.905)
2025-08-15 10:49:10,865 - DEBUG -   边界框: [[264.0, 647.0], [677.0, 647.0], [677.0, 676.0], [264.0, 676.0]]
2025-08-15 10:49:10,865 - DEBUG -   字符数量: 20
2025-08-15 10:49:10,865 - DEBUG -   识别文字: '6.3联系人' (置信度: 0.856)
2025-08-15 10:49:10,865 - DEBUG -   边界框: [[185.0, 893.0], [301.0, 893.0], [301.0, 923.0], [185.0, 923.0]]
2025-08-15 10:49:10,865 - DEBUG -   字符数量: 6
2025-08-15 10:49:10,865 - DEBUG -   识别文字: '乙方项目负责人' (置信度: 0.873)
2025-08-15 10:49:10,865 - DEBUG -   边界框: [[538.0, 955.0], [692.0, 955.0], [692.0, 982.0], [538.0, 982.0]]
2025-08-15 10:49:10,865 - DEBUG -   字符数量: 7
2025-08-15 10:49:10,865 - DEBUG -   识别文字: '部门' (置信度: 0.501)
2025-08-15 10:49:10,865 - DEBUG -   边界框: [[505.0, 998.0], [557.0, 998.0], [557.0, 1028.0], [505.0, 1028.0]]
2025-08-15 10:49:10,865 - DEBUG -   字符数量: 2
2025-08-15 10:49:10,865 - DEBUG -   识别文字: '姓名' (置信度: 0.667)
2025-08-15 10:49:10,865 - DEBUG -   边界框: [[216.0, 999.0], [265.0, 999.0], [265.0, 1028.0], [216.0, 1028.0]]
2025-08-15 10:49:10,865 - DEBUG -   字符数量: 2
2025-08-15 10:49:10,865 - DEBUG -   识别文字: '职责' (置信度: 0.662)
2025-08-15 10:49:10,865 - DEBUG -   边界框: [[350.0, 999.0], [403.0, 999.0], [403.0, 1028.0], [350.0, 1028.0]]
2025-08-15 10:49:10,865 - DEBUG -   字符数量: 2
2025-08-15 10:49:10,865 - DEBUG -   识别文字: '电话' (置信度: 0.518)
2025-08-15 10:49:10,865 - DEBUG -   边界框: [[653.0, 998.0], [704.0, 998.0], [704.0, 1028.0], [653.0, 1028.0]]
2025-08-15 10:49:10,865 - DEBUG -   字符数量: 2
2025-08-15 10:49:10,865 - DEBUG -   识别文字: '电子邮件' (置信度: 0.800)
2025-08-15 10:49:10,865 - DEBUG -   边界框: [[854.0, 1000.0], [945.0, 1000.0], [945.0, 1027.0], [854.0, 1027.0]]
2025-08-15 10:49:10,865 - DEBUG -   字符数量: 4
2025-08-15 10:49:10,865 - DEBUG -   识别文字: '范慧斌' (置信度: 0.693)
2025-08-15 10:49:10,865 - DEBUG -   边界框: [[196.0, 1044.0], [270.0, 1044.0], [270.0, 1072.0], [196.0, 1072.0]]
2025-08-15 10:49:10,865 - DEBUG -   字符数量: 3
2025-08-15 10:49:10,865 - DEBUG -   识别文字: '经理' (置信度: 0.557)
2025-08-15 10:49:10,865 - DEBUG -   边界框: [[351.0, 1045.0], [403.0, 1045.0], [403.0, 1074.0], [351.0, 1074.0]]
2025-08-15 10:49:10,865 - DEBUG -   字符数量: 2
2025-08-15 10:49:10,865 - DEBUG -   识别文字: '研发部' (置信度: 0.738)
2025-08-15 10:49:10,865 - DEBUG -   边界框: [[495.0, 1047.0], [567.0, 1047.0], [567.0, 1075.0], [495.0, 1075.0]]
2025-08-15 10:49:10,865 - DEBUG -   字符数量: 3
2025-08-15 10:49:10,865 - DEBUG -   识别文字: '13671354640' (置信度: 0.830)
2025-08-15 10:49:10,866 - DEBUG -   边界框: [[611.0, 1049.0], [747.0, 1049.0], [747.0, 1072.0], [611.0, 1072.0]]
2025-08-15 10:49:10,866 - DEBUG -   字符数量: 11
2025-08-15 10:49:10,866 - DEBUG -   识别文字: 'fanhuibin@zhaoxinms.com' (置信度: 0.938)
2025-08-15 10:49:10,866 - DEBUG -   边界框: [[767.0, 1051.0], [1032.0, 1051.0], [1032.0, 1074.0], [767.0, 1074.0]]
2025-08-15 10:49:10,866 - DEBUG -   字符数量: 23
2025-08-15 10:49:10,866 - DEBUG -   识别文字: '七、费用及支付' (置信度: 0.855)
2025-08-15 10:49:10,866 - DEBUG -   边界框: [[186.0, 1187.0], [393.0, 1187.0], [393.0, 1220.0], [186.0, 1220.0]]
2025-08-15 10:49:10,866 - DEBUG -   字符数量: 7
2025-08-15 10:49:10,866 - DEBUG -   识别文字: '7.1本合同相关产品及服务价格明细如下：' (置信度: 0.907)
2025-08-15 10:49:10,866 - DEBUG -   边界框: [[187.0, 1273.0], [641.0, 1274.0], [641.0, 1301.0], [187.0, 1300.0]]
2025-08-15 10:49:10,866 - DEBUG -   字符数量: 20
2025-08-15 10:49:10,866 - DEBUG -   识别文字: '单价（人民币' (置信度: 0.835)
2025-08-15 10:49:10,866 - DEBUG -   边界框: [[618.0, 1333.0], [753.0, 1330.0], [754.0, 1360.0], [619.0, 1362.0]]
2025-08-15 10:49:10,866 - DEBUG -   字符数量: 6
2025-08-15 10:49:10,866 - DEBUG -   识别文字: '总价（人民币/' (置信度: 0.731)
2025-08-15 10:49:10,866 - DEBUG -   边界框: [[873.0, 1333.0], [1015.0, 1333.0], [1015.0, 1360.0], [873.0, 1360.0]]
2025-08-15 10:49:10,866 - DEBUG -   字符数量: 7
2025-08-15 10:49:10,866 - DEBUG -   识别文字: '序号' (置信度: 0.659)
2025-08-15 10:49:10,866 - DEBUG -   边界框: [[218.0, 1353.0], [269.0, 1353.0], [269.0, 1384.0], [218.0, 1384.0]]
2025-08-15 10:49:10,866 - DEBUG -   字符数量: 2
2025-08-15 10:49:10,866 - DEBUG -   识别文字: '产品/服务' (置信度: 0.715)
2025-08-15 10:49:10,866 - DEBUG -   边界框: [[354.0, 1353.0], [457.0, 1356.0], [456.0, 1383.0], [354.0, 1381.0]]
2025-08-15 10:49:10,866 - DEBUG -   字符数量: 5
2025-08-15 10:49:10,866 - DEBUG -   识别文字: '数量' (置信度: 0.659)
2025-08-15 10:49:10,866 - DEBUG -   边界框: [[542.0, 1354.0], [595.0, 1354.0], [595.0, 1383.0], [542.0, 1383.0]]
2025-08-15 10:49:10,866 - DEBUG -   字符数量: 2
2025-08-15 10:49:10,866 - DEBUG -   识别文字: '单位' (置信度: 0.566)
2025-08-15 10:49:10,866 - DEBUG -   边界框: [[787.0, 1353.0], [838.0, 1353.0], [838.0, 1383.0], [787.0, 1383.0]]
2025-08-15 10:49:10,866 - DEBUG -   字符数量: 2
2025-08-15 10:49:10,866 - DEBUG -   识别文字: '/元' (置信度: 0.627)
2025-08-15 10:49:10,866 - DEBUG -   边界框: [[657.0, 1375.0], [705.0, 1375.0], [705.0, 1406.0], [657.0, 1406.0]]
2025-08-15 10:49:10,866 - DEBUG -   字符数量: 2
2025-08-15 10:49:10,866 - DEBUG -   识别文字: '元)' (置信度: 0.644)
2025-08-15 10:49:10,866 - DEBUG -   边界框: [[920.0, 1374.0], [960.0, 1374.0], [960.0, 1407.0], [920.0, 1407.0]]
2025-08-15 10:49:10,866 - DEBUG -   字符数量: 2
2025-08-15 10:49:10,866 - DEBUG -   识别文字: '58000' (置信度: 0.832)
2025-08-15 10:49:10,866 - DEBUG -   边界框: [[657.0, 1426.0], [717.0, 1426.0], [717.0, 1451.0], [657.0, 1451.0]]
2025-08-15 10:49:10,866 - DEBUG -   字符数量: 5
2025-08-15 10:49:10,867 - DEBUG -   识别文字: '肇新合同管理系统v1.4' (置信度: 0.890)
2025-08-15 10:49:10,867 - DEBUG -   边界框: [[291.0, 1428.0], [511.0, 1426.0], [511.0, 1449.0], [292.0, 1451.0]]
2025-08-15 10:49:10,867 - DEBUG -   字符数量: 12
2025-08-15 10:49:10,867 - DEBUG -   识别文字: '58000.00' (置信度: 0.853)
2025-08-15 10:49:10,867 - DEBUG -   边界框: [[900.0, 1426.0], [991.0, 1426.0], [991.0, 1450.0], [900.0, 1450.0]]
2025-08-15 10:49:10,867 - DEBUG -   字符数量: 8
2025-08-15 10:49:10,867 - DEBUG -   识别文字: '金额合计（含税价，元）' (置信度: 0.881)
2025-08-15 10:49:10,867 - DEBUG -   边界框: [[218.0, 1474.0], [448.0, 1474.0], [448.0, 1500.0], [218.0, 1500.0]]
2025-08-15 10:49:10,867 - DEBUG -   字符数量: 11
2025-08-15 10:49:10,867 - DEBUG -   识别文字: '58000.00' (置信度: 0.857)
2025-08-15 10:49:10,867 - DEBUG -   边界框: [[738.0, 1474.0], [828.0, 1474.0], [828.0, 1498.0], [738.0, 1498.0]]
2025-08-15 10:49:10,867 - DEBUG -   字符数量: 8
2025-08-15 10:49:10,867 - DEBUG -   识别文字: '本合同产品/服务合计金额为' (置信度: 0.870)
2025-08-15 10:49:10,867 - DEBUG -   边界框: [[283.0, 1569.0], [602.0, 1569.0], [602.0, 1595.0], [283.0, 1595.0]]
2025-08-15 10:49:10,867 - DEBUG -   字符数量: 13
2025-08-15 10:49:10,867 - DEBUG -   识别文字: '￥58000' (置信度: 0.776)
2025-08-15 10:49:10,867 - DEBUG -   边界框: [[593.0, 1569.0], [690.0, 1569.0], [690.0, 1593.0], [593.0, 1593.0]]
2025-08-15 10:49:10,867 - DEBUG -   字符数量: 6
2025-08-15 10:49:10,867 - DEBUG -   识别文字: '元（含税，大写：人民币伍万' (置信度: 0.885)
2025-08-15 10:49:10,867 - DEBUG -   边界框: [[726.0, 1568.0], [1051.0, 1569.0], [1051.0, 1596.0], [726.0, 1595.0]]
2025-08-15 10:49:10,867 - DEBUG -   字符数量: 13
2025-08-15 10:49:10,867 - INFO - 第 5/9 页处理完成
2025-08-15 10:49:10,867 - INFO -   识别项目数: 39
2025-08-15 10:49:10,867 - INFO -   OCR耗时: 2.78秒
2025-08-15 10:49:10,867 - INFO -   页面总耗时: 2.81秒
2025-08-15 10:49:10,867 - INFO -   总体进度: 55.6% (5/9)
2025-08-15 10:49:10,867 - INFO - ------------------------------
2025-08-15 10:49:10,867 - INFO - 处理第 6/9 页...
2025-08-15 10:49:10,879 - INFO -   页面渲染完成，尺寸: 1241x1754，耗时: 0.01秒
2025-08-15 10:49:16,011 - DEBUG -   识别文字: '捌仟元圆整），税率【1%】，税额【574.26】元。' (置信度: 0.912)
2025-08-15 10:49:16,012 - DEBUG -   边界框: [[234.0, 157.0], [781.0, 157.0], [781.0, 186.0], [234.0, 186.0]]
2025-08-15 10:49:16,012 - DEBUG -   字符数量: 26
2025-08-15 10:49:16,012 - DEBUG -   识别文字: '（1）甲乙双方签订合同后，甲方需于合同生效日起7个工作日内支付' (置信度: 0.945)
2025-08-15 10:49:16,012 - DEBUG -   边界框: [[296.0, 207.0], [1051.0, 207.0], [1051.0, 237.0], [296.0, 237.0]]
2025-08-15 10:49:16,012 - DEBUG -   字符数量: 31
2025-08-15 10:49:16,012 - DEBUG -   识别文字: '款项：金额为【58000】元（人民币大写【伍万仟元】圆整）' (置信度: 0.919)
2025-08-15 10:49:16,012 - DEBUG -   边界框: [[235.0, 261.0], [907.0, 261.0], [907.0, 287.0], [235.0, 287.0]]
2025-08-15 10:49:16,012 - DEBUG -   字符数量: 29
2025-08-15 10:49:16,012 - DEBUG -   识别文字: '八、违约责任' (置信度: 0.767)
2025-08-15 10:49:16,012 - DEBUG -   边界框: [[187.0, 341.0], [364.0, 341.0], [364.0, 371.0], [187.0, 371.0]]
2025-08-15 10:49:16,012 - DEBUG -   字符数量: 6
2025-08-15 10:49:16,012 - DEBUG -   识别文字: '8.1甲方有下列情形之一的，乙方有权解除本合同：' (置信度: 0.912)
2025-08-15 10:49:16,012 - DEBUG -   边界框: [[189.0, 428.0], [743.0, 428.0], [743.0, 450.0], [189.0, 450.0]]
2025-08-15 10:49:16,012 - DEBUG -   字符数量: 24
2025-08-15 10:49:16,012 - DEBUG -   识别文字: '（1）逾期支付费用超过30天的；' (置信度: 0.870)
2025-08-15 10:49:16,012 - DEBUG -   边界框: [[201.0, 486.0], [543.0, 488.0], [543.0, 514.0], [201.0, 512.0]]
2025-08-15 10:49:16,012 - DEBUG -   字符数量: 16
2025-08-15 10:49:16,012 - DEBUG -   识别文字: '（2）甲方有其他违约行为，依照法定或约定乙方有权解除的。' (置信度: 0.927)
2025-08-15 10:49:16,013 - DEBUG -   边界框: [[202.0, 549.0], [857.0, 550.0], [857.0, 574.0], [202.0, 573.0]]
2025-08-15 10:49:16,013 - DEBUG -   字符数量: 28
2025-08-15 10:49:16,013 - DEBUG -   识别文字: '8.2乙方有下列情形之一的，甲方有权解除本合同：' (置信度: 0.898)
2025-08-15 10:49:16,013 - DEBUG -   边界框: [[188.0, 612.0], [743.0, 612.0], [743.0, 635.0], [188.0, 635.0]]
2025-08-15 10:49:16,013 - DEBUG -   字符数量: 24
2025-08-15 10:49:16,013 - DEBUG -   识别文字: '（1）逾期交付超过10日的；' (置信度: 0.873)
2025-08-15 10:49:16,013 - DEBUG -   边界框: [[201.0, 671.0], [492.0, 672.0], [492.0, 699.0], [201.0, 698.0]]
2025-08-15 10:49:16,013 - DEBUG -   字符数量: 14
2025-08-15 10:49:16,013 - DEBUG -   识别文字: '（2）乙方提供的软件存在知识产权争议的；' (置信度: 0.881)
2025-08-15 10:49:16,013 - DEBUG -   边界框: [[202.0, 732.0], [666.0, 732.0], [666.0, 758.0], [202.0, 758.0]]
2025-08-15 10:49:16,013 - DEBUG -   字符数量: 20
2025-08-15 10:49:16,013 - DEBUG -   识别文字: '（3）乙方有其他违约行为，依照法定或约定甲方有权解除的。' (置信度: 0.929)
2025-08-15 10:49:16,013 - DEBUG -   边界框: [[201.0, 794.0], [858.0, 795.0], [858.0, 821.0], [201.0, 820.0]]
2025-08-15 10:49:16,013 - DEBUG -   字符数量: 28
2025-08-15 10:49:16,013 - DEBUG -   识别文字: '8.3任何一方有其他违反本合同情形的，应赔偿守约方全部损失，该损失包括但' (置信度: 0.926)
2025-08-15 10:49:16,013 - DEBUG -   边界框: [[188.0, 856.0], [1052.0, 856.0], [1052.0, 882.0], [188.0, 882.0]]
2025-08-15 10:49:16,013 - DEBUG -   字符数量: 36
2025-08-15 10:49:16,013 - DEBUG -   识别文字: '不限于对守约方所造成的直接损失、间接经济损失及守约方为实现本协议项下' (置信度: 0.952)
2025-08-15 10:49:16,013 - DEBUG -   边界框: [[188.0, 918.0], [1050.0, 919.0], [1050.0, 945.0], [188.0, 944.0]]
2025-08-15 10:49:16,013 - DEBUG -   字符数量: 34
2025-08-15 10:49:16,013 - DEBUG -   识别文字: '权益所支出的诉讼费、保全费、财产保全担保费、公告费、执行费、律师费、' (置信度: 0.907)
2025-08-15 10:49:16,013 - DEBUG -   边界框: [[189.0, 981.0], [1035.0, 981.0], [1035.0, 1004.0], [189.0, 1004.0]]
2025-08-15 10:49:16,013 - DEBUG -   字符数量: 34
2025-08-15 10:49:16,013 - DEBUG -   识别文字: '仲裁费、过户费、评估费、鉴定费、拍卖费、差旅费、公证认证费、翻译费、' (置信度: 0.911)
2025-08-15 10:49:16,013 - DEBUG -   边界框: [[189.0, 1041.0], [1035.0, 1041.0], [1035.0, 1064.0], [189.0, 1064.0]]
2025-08-15 10:49:16,013 - DEBUG -   字符数量: 34
2025-08-15 10:49:16,014 - DEBUG -   识别文字: '催收费用等合理支出。' (置信度: 0.836)
2025-08-15 10:49:16,014 - DEBUG -   边界框: [[189.0, 1101.0], [422.0, 1101.0], [422.0, 1127.0], [189.0, 1127.0]]
2025-08-15 10:49:16,014 - DEBUG -   字符数量: 10
2025-08-15 10:49:16,014 - DEBUG -   识别文字: '8.4经甲方催告，乙方不能按时完成交付合格标的产品的，每逾期一日按照合同' (置信度: 0.901)
2025-08-15 10:49:16,014 - DEBUG -   边界框: [[186.0, 1162.0], [1052.0, 1163.0], [1052.0, 1189.0], [186.0, 1188.0]]
2025-08-15 10:49:16,014 - DEBUG -   字符数量: 36
2025-08-15 10:49:16,014 - DEBUG -   识别文字: '总金额的0.5%向甲方支付逾期违约金。' (置信度: 0.900)
2025-08-15 10:49:16,014 - DEBUG -   边界框: [[189.0, 1225.0], [622.0, 1225.0], [622.0, 1251.0], [189.0, 1251.0]]
2025-08-15 10:49:16,014 - DEBUG -   字符数量: 19
2025-08-15 10:49:16,014 - DEBUG -   识别文字: '8.5甲方未获得乙方同意而逾期付款的，每逾期一日按照合同总金额的0.5%向' (置信度: 0.884)
2025-08-15 10:49:16,014 - DEBUG -   边界框: [[189.0, 1288.0], [1049.0, 1288.0], [1049.0, 1311.0], [189.0, 1311.0]]
2025-08-15 10:49:16,014 - DEBUG -   字符数量: 37
2025-08-15 10:49:16,014 - DEBUG -   识别文字: '乙方支付逾期违约金。' (置信度: 0.812)
2025-08-15 10:49:16,014 - DEBUG -   边界框: [[188.0, 1345.0], [422.0, 1347.0], [421.0, 1373.0], [188.0, 1371.0]]
2025-08-15 10:49:16,014 - DEBUG -   字符数量: 10
2025-08-15 10:49:16,014 - DEBUG -   识别文字: '九、保密条款及免责相关' (置信度: 0.855)
2025-08-15 10:49:16,014 - DEBUG -   边界框: [[188.0, 1438.0], [507.0, 1438.0], [507.0, 1468.0], [188.0, 1468.0]]
2025-08-15 10:49:16,014 - DEBUG -   字符数量: 11
2025-08-15 10:49:16,014 - DEBUG -   识别文字: '9.1无论是在本合同有效期内，还是在本合同中止或解除后，任何一方对本合' (置信度: 0.928)
2025-08-15 10:49:16,014 - DEBUG -   边界框: [[184.0, 1520.0], [1051.0, 1520.0], [1051.0, 1549.0], [184.0, 1549.0]]
2025-08-15 10:49:16,014 - DEBUG -   字符数量: 35
2025-08-15 10:49:16,014 - INFO - 第 6/9 页处理完成
2025-08-15 10:49:16,014 - INFO -   识别项目数: 22
2025-08-15 10:49:16,014 - INFO -   OCR耗时: 5.13秒
2025-08-15 10:49:16,015 - INFO -   页面总耗时: 5.15秒
2025-08-15 10:49:16,015 - INFO -   总体进度: 66.7% (6/9)
2025-08-15 10:49:16,015 - INFO - ------------------------------
2025-08-15 10:49:16,015 - INFO - 处理第 7/9 页...
2025-08-15 10:49:16,026 - INFO -   页面渲染完成，尺寸: 1241x1754，耗时: 0.01秒
2025-08-15 10:49:20,675 - DEBUG -   识别文字: '同内容，及在本合同履行过程中以任何方式获知的另一方商业秘密或其他技术' (置信度: 0.926)
2025-08-15 10:49:20,675 - DEBUG -   边界框: [[189.0, 158.0], [1051.0, 158.0], [1051.0, 184.0], [189.0, 184.0]]
2025-08-15 10:49:20,676 - DEBUG -   字符数量: 34
2025-08-15 10:49:20,676 - DEBUG -   识别文字: '及经营信息等均负有保密义务，不得向任何其他第三方透露或泄露。但中国现' (置信度: 0.937)
2025-08-15 10:49:20,676 - DEBUG -   边界框: [[190.0, 221.0], [1052.0, 221.0], [1052.0, 244.0], [190.0, 244.0]]
2025-08-15 10:49:20,676 - DEBUG -   字符数量: 34
2025-08-15 10:49:20,676 - DEBUG -   识别文字: '行法律、法规另有规定或经另一方书面同意除外。' (置信度: 0.917)
2025-08-15 10:49:20,676 - DEBUG -   边界框: [[188.0, 282.0], [723.0, 282.0], [723.0, 308.0], [188.0, 308.0]]
2025-08-15 10:49:20,676 - DEBUG -   字符数量: 22
2025-08-15 10:49:20,676 - DEBUG -   识别文字: '9.2本软件及所附带的文件是作为不提供任何明确的或隐含的赔偿或担保的形' (置信度: 0.924)
2025-08-15 10:49:20,676 - DEBUG -   边界框: [[185.0, 341.0], [1051.0, 343.0], [1051.0, 370.0], [185.0, 368.0]]
2025-08-15 10:49:20,676 - DEBUG -   字符数量: 35
2025-08-15 10:49:20,676 - DEBUG -   识别文字: '式提供的。' (置信度: 0.823)
2025-08-15 10:49:20,676 - DEBUG -   边界框: [[185.0, 399.0], [300.0, 402.0], [299.0, 433.0], [185.0, 430.0]]
2025-08-15 10:49:20,676 - DEBUG -   字符数量: 5
2025-08-15 10:49:20,676 - DEBUG -   识别文字: '9.3' (置信度: 0.633)
2025-08-15 10:49:20,676 - DEBUG -   边界框: [[184.0, 463.0], [232.0, 463.0], [232.0, 493.0], [184.0, 493.0]]
2025-08-15 10:49:20,676 - DEBUG -   字符数量: 3
2025-08-15 10:49:20,676 - DEBUG -   识别文字: '甲方出于自愿而使用本软件，甲方已经了解并认同自己使用本软件的风' (置信度: 0.930)
2025-08-15 10:49:20,676 - DEBUG -   边界框: [[276.0, 464.0], [1051.0, 465.0], [1051.0, 491.0], [276.0, 490.0]]
2025-08-15 10:49:20,676 - DEBUG -   字符数量: 31
2025-08-15 10:49:20,676 - DEBUG -   识别文字: '险，乙方在任何情况下不就因使用或不能使用本软件产品所发生的特殊的、意' (置信度: 0.917)
2025-08-15 10:49:20,676 - DEBUG -   边界框: [[189.0, 528.0], [1052.0, 528.0], [1052.0, 551.0], [189.0, 551.0]]
2025-08-15 10:49:20,676 - DEBUG -   字符数量: 34
2025-08-15 10:49:20,676 - DEBUG -   识别文字: '外的、直接或间接的损失承担赔偿责任。' (置信度: 0.895)
2025-08-15 10:49:20,676 - DEBUG -   边界框: [[188.0, 589.0], [621.0, 589.0], [621.0, 615.0], [188.0, 615.0]]
2025-08-15 10:49:20,677 - DEBUG -   字符数量: 18
2025-08-15 10:49:20,677 - DEBUG -   识别文字: '十、争议解决' (置信度: 0.809)
2025-08-15 10:49:20,677 - DEBUG -   边界框: [[186.0, 724.0], [364.0, 724.0], [364.0, 753.0], [186.0, 753.0]]
2025-08-15 10:49:20,677 - DEBUG -   字符数量: 6
2025-08-15 10:49:20,677 - DEBUG -   识别文字: '10.1本合同在履行中如发生争议，双方应协商解决，协商不成时，可在甲方或' (置信度: 0.914)
2025-08-15 10:49:20,677 - DEBUG -   边界框: [[190.0, 810.0], [1052.0, 810.0], [1052.0, 833.0], [190.0, 833.0]]
2025-08-15 10:49:20,677 - DEBUG -   字符数量: 36
2025-08-15 10:49:20,677 - DEBUG -   识别文字: '乙方所在地的法院起诉。' (置信度: 0.885)
2025-08-15 10:49:20,677 - DEBUG -   边界框: [[188.0, 868.0], [448.0, 871.0], [447.0, 897.0], [188.0, 894.0]]
2025-08-15 10:49:20,677 - DEBUG -   字符数量: 11
2025-08-15 10:49:20,677 - DEBUG -   识别文字: '10.2双方联系方式如下：' (置信度: 0.879)
2025-08-15 10:49:20,677 - DEBUG -   边界框: [[188.0, 931.0], [466.0, 932.0], [466.0, 958.0], [188.0, 957.0]]
2025-08-15 10:49:20,677 - DEBUG -   字符数量: 13
2025-08-15 10:49:20,677 - DEBUG -   识别文字: '甲方联系方式如下：' (置信度: 0.892)
2025-08-15 10:49:20,677 - DEBUG -   边界框: [[189.0, 993.0], [406.0, 993.0], [406.0, 1019.0], [189.0, 1019.0]]
2025-08-15 10:49:20,677 - DEBUG -   字符数量: 9
2025-08-15 10:49:20,677 - DEBUG -   识别文字: '联系人:' (置信度: 0.697)
2025-08-15 10:49:20,677 - DEBUG -   边界框: [[185.0, 1051.0], [281.0, 1051.0], [281.0, 1082.0], [185.0, 1082.0]]
2025-08-15 10:49:20,677 - DEBUG -   字符数量: 4
2025-08-15 10:49:20,677 - DEBUG -   识别文字: '电子邮箱：' (置信度: 0.759)
2025-08-15 10:49:20,677 - DEBUG -   边界框: [[599.0, 1052.0], [719.0, 1052.0], [719.0, 1079.0], [599.0, 1079.0]]
2025-08-15 10:49:20,677 - DEBUG -   字符数量: 5
2025-08-15 10:49:20,677 - DEBUG -   识别文字: '联系人手机：' (置信度: 0.811)
2025-08-15 10:49:20,677 - DEBUG -   边界框: [[187.0, 1115.0], [330.0, 1115.0], [330.0, 1142.0], [187.0, 1142.0]]
2025-08-15 10:49:20,677 - DEBUG -   字符数量: 6
2025-08-15 10:49:20,677 - DEBUG -   识别文字: '微信号：' (置信度: 0.778)
2025-08-15 10:49:20,677 - DEBUG -   边界框: [[599.0, 1115.0], [695.0, 1115.0], [695.0, 1143.0], [599.0, 1143.0]]
2025-08-15 10:49:20,677 - DEBUG -   字符数量: 4
2025-08-15 10:49:20,677 - DEBUG -   识别文字: '电话：' (置信度: 0.725)
2025-08-15 10:49:20,677 - DEBUG -   边界框: [[186.0, 1175.0], [260.0, 1175.0], [260.0, 1204.0], [186.0, 1204.0]]
2025-08-15 10:49:20,677 - DEBUG -   字符数量: 3
2025-08-15 10:49:20,677 - DEBUG -   识别文字: '传真：' (置信度: 0.706)
2025-08-15 10:49:20,677 - DEBUG -   边界框: [[597.0, 1175.0], [674.0, 1175.0], [674.0, 1206.0], [597.0, 1206.0]]
2025-08-15 10:49:20,677 - DEBUG -   字符数量: 3
2025-08-15 10:49:20,677 - DEBUG -   识别文字: '甲方通讯地址：' (置信度: 0.863)
2025-08-15 10:49:20,677 - DEBUG -   边界框: [[188.0, 1238.0], [355.0, 1238.0], [355.0, 1264.0], [188.0, 1264.0]]
2025-08-15 10:49:20,678 - DEBUG -   字符数量: 7
2025-08-15 10:49:20,678 - DEBUG -   识别文字: '乙方联系方式如下：' (置信度: 0.895)
2025-08-15 10:49:20,678 - DEBUG -   边界框: [[189.0, 1300.0], [406.0, 1300.0], [406.0, 1325.0], [189.0, 1325.0]]
2025-08-15 10:49:20,678 - DEBUG -   字符数量: 9
2025-08-15 10:49:20,678 - DEBUG -   识别文字: '联系人：范慧斌' (置信度: 0.833)
2025-08-15 10:49:20,678 - DEBUG -   边界框: [[187.0, 1360.0], [364.0, 1360.0], [364.0, 1387.0], [187.0, 1387.0]]
2025-08-15 10:49:20,678 - DEBUG -   字符数量: 7
2025-08-15 10:49:20,678 - DEBUG -   识别文字: '电子邮箱：fanhuibin@zhaoxinms.com' (置信度: 0.906)
2025-08-15 10:49:20,678 - DEBUG -   边界框: [[615.0, 1362.0], [1025.0, 1362.0], [1025.0, 1385.0], [615.0, 1385.0]]
2025-08-15 10:49:20,678 - DEBUG -   字符数量: 28
2025-08-15 10:49:20,678 - DEBUG -   识别文字: '联系人手机：13671354640' (置信度: 0.842)
2025-08-15 10:49:20,678 - DEBUG -   边界框: [[188.0, 1423.0], [474.0, 1422.0], [474.0, 1446.0], [188.0, 1447.0]]
2025-08-15 10:49:20,678 - DEBUG -   字符数量: 17
2025-08-15 10:49:20,678 - DEBUG -   识别文字: '微信号：zhaoxinms' (置信度: 0.902)
2025-08-15 10:49:20,678 - DEBUG -   边界框: [[611.0, 1423.0], [836.0, 1421.0], [836.0, 1448.0], [612.0, 1450.0]]
2025-08-15 10:49:20,678 - DEBUG -   字符数量: 13
2025-08-15 10:49:20,678 - DEBUG -   识别文字: '电话：13671354640' (置信度: 0.797)
2025-08-15 10:49:20,678 - DEBUG -   边界框: [[190.0, 1485.0], [400.0, 1485.0], [400.0, 1508.0], [190.0, 1508.0]]
2025-08-15 10:49:20,678 - DEBUG -   字符数量: 14
2025-08-15 10:49:20,678 - DEBUG -   识别文字: '传真：无' (置信度: 0.791)
2025-08-15 10:49:20,678 - DEBUG -   边界框: [[612.0, 1483.0], [714.0, 1483.0], [714.0, 1511.0], [612.0, 1511.0]]
2025-08-15 10:49:20,678 - DEBUG -   字符数量: 4
2025-08-15 10:49:20,678 - DEBUG -   识别文字: '乙方通讯地址：太原市小店区平阳路1号金茂大厦B座26层A2-B-C-D-E-F区' (置信度: 0.910)
2025-08-15 10:49:20,678 - DEBUG -   边界框: [[190.0, 1547.0], [985.0, 1547.0], [985.0, 1570.0], [190.0, 1570.0]]
2025-08-15 10:49:20,678 - DEBUG -   字符数量: 40
2025-08-15 10:49:20,678 - INFO - 第 7/9 页处理完成
2025-08-15 10:49:20,678 - INFO -   识别项目数: 29
2025-08-15 10:49:20,678 - INFO -   OCR耗时: 4.65秒
2025-08-15 10:49:20,678 - INFO -   页面总耗时: 4.66秒
2025-08-15 10:49:20,678 - INFO -   总体进度: 77.8% (7/9)
2025-08-15 10:49:20,679 - INFO - ------------------------------
2025-08-15 10:49:20,679 - INFO - 处理第 8/9 页...
2025-08-15 10:49:20,689 - INFO -   页面渲染完成，尺寸: 1241x1754，耗时: 0.01秒
2025-08-15 10:49:26,039 - DEBUG -   识别文字: '甲乙双方任意一方变更以上任何信息，均应提前3个工作日书面通知另一方。' (置信度: 0.915)
2025-08-15 10:49:26,040 - DEBUG -   边界框: [[189.0, 158.0], [1009.0, 158.0], [1009.0, 184.0], [189.0, 184.0]]
2025-08-15 10:49:26,040 - DEBUG -   字符数量: 34
2025-08-15 10:49:26,040 - DEBUG -   识别文字: '甲乙双方确认以本条预留的联系方式及地址作为法律文书的送达地址，受送达' (置信度: 0.955)
2025-08-15 10:49:26,040 - DEBUG -   边界框: [[189.0, 220.0], [1051.0, 220.0], [1051.0, 246.0], [189.0, 246.0]]
2025-08-15 10:49:26,040 - DEBUG -   字符数量: 34
2025-08-15 10:49:26,040 - DEBUG -   识别文字: '人为上述预留的联系人，该送达地址适用于法院诉讼（含一审、二审、再' (置信度: 0.926)
2025-08-15 10:49:26,040 - DEBUG -   边界框: [[189.0, 282.0], [1053.0, 282.0], [1053.0, 308.0], [189.0, 308.0]]
2025-08-15 10:49:26,040 - DEBUG -   字符数量: 32
2025-08-15 10:49:26,040 - DEBUG -   识别文字: '审）、实现担保物权特别程序及执行阶段；甲乙双方同意按上述地址、电子邮' (置信度: 0.928)
2025-08-15 10:49:26,040 - DEBUG -   边界框: [[187.0, 342.0], [1053.0, 343.0], [1053.0, 369.0], [187.0, 368.0]]
2025-08-15 10:49:26,040 - DEBUG -   字符数量: 34
2025-08-15 10:49:26,040 - DEBUG -   识别文字: '箱、手机号、微信号等方式接收本协议项下的相关文件及涉诉后法院按该地址' (置信度: 0.911)
2025-08-15 10:49:26,040 - DEBUG -   边界框: [[187.0, 405.0], [1051.0, 404.0], [1051.0, 430.0], [187.0, 431.0]]
2025-08-15 10:49:26,040 - DEBUG -   字符数量: 34
2025-08-15 10:49:26,040 - DEBUG -   识别文字: '送达诉讼、执行文书。' (置信度: 0.862)
2025-08-15 10:49:26,040 - DEBUG -   边界框: [[188.0, 465.0], [421.0, 465.0], [421.0, 492.0], [188.0, 492.0]]
2025-08-15 10:49:26,040 - DEBUG -   字符数量: 10
2025-08-15 10:49:26,040 - DEBUG -   识别文字: '甲乙双方确认司法机关可以按照本条预留的联系方式，以传真、电子邮件、手' (置信度: 0.914)
2025-08-15 10:49:26,040 - DEBUG -   边界框: [[189.0, 526.0], [1052.0, 526.0], [1052.0, 552.0], [189.0, 552.0]]
2025-08-15 10:49:26,040 - DEBUG -   字符数量: 34
2025-08-15 10:49:26,040 - DEBUG -   识别文字: '机短信、微信号等通讯方式送达法律文书，采用该种送达方式的，以传真、电' (置信度: 0.913)
2025-08-15 10:49:26,040 - DEBUG -   边界框: [[188.0, 588.0], [1053.0, 588.0], [1053.0, 614.0], [188.0, 614.0]]
2025-08-15 10:49:26,041 - DEBUG -   字符数量: 34
2025-08-15 10:49:26,041 - DEBUG -   识别文字: '子邮件、短信、微信到达受送达人特定系统的日期为送达日期。' (置信度: 0.919)
2025-08-15 10:49:26,041 - DEBUG -   边界框: [[189.0, 651.0], [870.0, 651.0], [870.0, 677.0], [189.0, 677.0]]
2025-08-15 10:49:26,041 - DEBUG -   字符数量: 28
2025-08-15 10:49:26,041 - DEBUG -   识别文字: '甲乙双方保证送达地址准确、有效。如甲乙双方提供的送达地址不准确、地址' (置信度: 0.956)
2025-08-15 10:49:26,041 - DEBUG -   边界框: [[187.0, 711.0], [1052.0, 712.0], [1052.0, 737.0], [187.0, 736.0]]
2025-08-15 10:49:26,041 - DEBUG -   字符数量: 34
2025-08-15 10:49:26,041 - DEBUG -   识别文字: '变更未及时告知或本条约定的受送达人拒绝签收，导致上述文书未能被实际接' (置信度: 0.941)
2025-08-15 10:49:26,041 - DEBUG -   边界框: [[189.0, 773.0], [1052.0, 773.0], [1052.0, 799.0], [189.0, 799.0]]
2025-08-15 10:49:26,041 - DEBUG -   字符数量: 34
2025-08-15 10:49:26,041 - DEBUG -   识别文字: '受的，文书被退回之日为送达之日，由此导致的法律后果由该方自行承担。' (置信度: 0.951)
2025-08-15 10:49:26,041 - DEBUG -   边界框: [[189.0, 834.0], [996.0, 834.0], [996.0, 860.0], [189.0, 860.0]]
2025-08-15 10:49:26,041 - DEBUG -   字符数量: 33
2025-08-15 10:49:26,041 - DEBUG -   识别文字: '十一、生效及其他' (置信度: 0.811)
2025-08-15 10:49:26,041 - DEBUG -   边界框: [[186.0, 959.0], [420.0, 957.0], [421.0, 990.0], [186.0, 992.0]]
2025-08-15 10:49:26,041 - DEBUG -   字符数量: 8
2025-08-15 10:49:26,041 - DEBUG -   识别文字: '11.1本合同壹式贰份，双方各持壹份，具备同等法律效力。' (置信度: 0.925)
2025-08-15 10:49:26,041 - DEBUG -   边界框: [[189.0, 1044.0], [833.0, 1045.0], [833.0, 1071.0], [189.0, 1070.0]]
2025-08-15 10:49:26,041 - DEBUG -   字符数量: 28
2025-08-15 10:49:26,041 - DEBUG -   识别文字: '11.2本合同自双方法定代表人或授权代表签字或盖章并加盖公章后生效。' (置信度: 0.923)
2025-08-15 10:49:26,041 - DEBUG -   边界框: [[188.0, 1106.0], [983.0, 1107.0], [983.0, 1133.0], [188.0, 1132.0]]
2025-08-15 10:49:26,041 - DEBUG -   字符数量: 34
2025-08-15 10:49:26,042 - DEBUG -   识别文字: '11.3未尽事宜，本着友好协商的精神共同解决，以签订补充协议为准，与本合' (置信度: 0.932)
2025-08-15 10:49:26,042 - DEBUG -   边界框: [[189.0, 1168.0], [1050.0, 1169.0], [1050.0, 1193.0], [189.0, 1192.0]]
2025-08-15 10:49:26,042 - DEBUG -   字符数量: 36
2025-08-15 10:49:26,042 - DEBUG -   识别文字: '同有同等效力。' (置信度: 0.857)
2025-08-15 10:49:26,042 - DEBUG -   边界框: [[187.0, 1231.0], [347.0, 1229.0], [347.0, 1256.0], [187.0, 1258.0]]
2025-08-15 10:49:26,042 - DEBUG -   字符数量: 7
2025-08-15 10:49:26,042 - INFO - 第 8/9 页处理完成
2025-08-15 10:49:26,042 - INFO -   识别项目数: 17
2025-08-15 10:49:26,042 - INFO -   OCR耗时: 5.35秒
2025-08-15 10:49:26,042 - INFO -   页面总耗时: 5.36秒
2025-08-15 10:49:26,042 - INFO -   总体进度: 88.9% (8/9)
2025-08-15 10:49:26,042 - INFO - ------------------------------
2025-08-15 10:49:26,042 - INFO - 处理第 9/9 页...
2025-08-15 10:49:26,052 - INFO -   页面渲染完成，尺寸: 1241x1754，耗时: 0.01秒
2025-08-15 10:49:28,739 - DEBUG -   识别文字: '（以下无正文，为签署页）' (置信度: 0.853)
2025-08-15 10:49:28,739 - DEBUG -   边界框: [[201.0, 340.0], [438.0, 340.0], [438.0, 363.0], [201.0, 363.0]]
2025-08-15 10:49:28,739 - DEBUG -   字符数量: 12
2025-08-15 10:49:28,740 - DEBUG -   识别文字: '甲方(盖章）：' (置信度: 0.792)
2025-08-15 10:49:28,740 - DEBUG -   边界框: [[197.0, 442.0], [326.0, 442.0], [326.0, 469.0], [197.0, 469.0]]
2025-08-15 10:49:28,740 - DEBUG -   字符数量: 7
2025-08-15 10:49:28,740 - DEBUG -   识别文字: '乙方（盖章）：山西肇新科技有限公司' (置信度: 0.853)
2025-08-15 10:49:28,740 - DEBUG -   边界框: [[677.0, 441.0], [1027.0, 444.0], [1027.0, 469.0], [677.0, 467.0]]
2025-08-15 10:49:28,740 - DEBUG -   字符数量: 17
2025-08-15 10:49:28,740 - DEBUG -   识别文字: '法定代表人（签字或盖章）：' (置信度: 0.926)
2025-08-15 10:49:28,740 - DEBUG -   边界框: [[199.0, 542.0], [478.0, 542.0], [478.0, 565.0], [199.0, 565.0]]
2025-08-15 10:49:28,740 - DEBUG -   字符数量: 13
2025-08-15 10:49:28,740 - DEBUG -   识别文字: '法定代表人（签字或盖章）：' (置信度: 0.903)
2025-08-15 10:49:28,740 - DEBUG -   边界框: [[678.0, 542.0], [958.0, 542.0], [958.0, 565.0], [678.0, 565.0]]
2025-08-15 10:49:28,740 - DEBUG -   字符数量: 13
2025-08-15 10:49:28,740 - DEBUG -   识别文字: '对公账号：485060100100305592' (置信度: 0.914)
2025-08-15 10:49:28,740 - DEBUG -   边界框: [[677.0, 631.0], [985.0, 629.0], [986.0, 653.0], [677.0, 655.0]]
2025-08-15 10:49:28,740 - DEBUG -   字符数量: 23
2025-08-15 10:49:28,740 - DEBUG -   识别文字: '甲方发票开具信息：' (置信度: 0.829)
2025-08-15 10:49:28,740 - DEBUG -   边界框: [[197.0, 651.0], [391.0, 653.0], [391.0, 680.0], [197.0, 678.0]]
2025-08-15 10:49:28,740 - DEBUG -   字符数量: 9
2025-08-15 10:49:28,744 - DEBUG -   识别文字: '开户行：兴业银行股份有限公司太原大营盘支' (置信度: 0.891)
2025-08-15 10:49:28,744 - DEBUG -   边界框: [[676.0, 675.0], [1136.0, 675.0], [1136.0, 701.0], [676.0, 701.0]]
2025-08-15 10:49:28,744 - DEBUG -   字符数量: 20
2025-08-15 10:49:28,744 - DEBUG -   识别文字: '名称：山西肇新科技有限公司' (置信度: 0.826)
2025-08-15 10:49:28,744 - DEBUG -   边界框: [[677.0, 763.0], [962.0, 763.0], [962.0, 789.0], [677.0, 789.0]]
2025-08-15 10:49:28,744 - DEBUG -   字符数量: 13
2025-08-15 10:49:28,744 - DEBUG -   识别文字: '名称：' (置信度: 0.725)
2025-08-15 10:49:28,744 - DEBUG -   边界框: [[197.0, 786.0], [264.0, 786.0], [264.0, 814.0], [197.0, 814.0]]
2025-08-15 10:49:28,744 - DEBUG -   字符数量: 3
2025-08-15 10:49:28,744 - DEBUG -   识别文字: '纳税人识别号：91140105MA0LLW8Q1D' (置信度: 0.896)
2025-08-15 10:49:28,744 - DEBUG -   边界框: [[676.0, 808.0], [1030.0, 808.0], [1030.0, 834.0], [676.0, 834.0]]
2025-08-15 10:49:28,744 - DEBUG -   字符数量: 25
2025-08-15 10:49:28,744 - DEBUG -   识别文字: '纳税人识别号：' (置信度: 0.855)
2025-08-15 10:49:28,744 - DEBUG -   边界框: [[198.0, 833.0], [346.0, 833.0], [346.0, 857.0], [198.0, 857.0]]
2025-08-15 10:49:28,744 - DEBUG -   字符数量: 7
2025-08-15 10:49:28,745 - DEBUG -   识别文字: '地址：太原市小店区平阳路1号金茂大厦B座' (置信度: 0.891)
2025-08-15 10:49:28,745 - DEBUG -   边界框: [[675.0, 852.0], [1137.0, 853.0], [1137.0, 879.0], [675.0, 878.0]]
2025-08-15 10:49:28,745 - DEBUG -   字符数量: 20
2025-08-15 10:49:28,745 - DEBUG -   识别文字: '地址：' (置信度: 0.737)
2025-08-15 10:49:28,745 - DEBUG -   边界框: [[196.0, 873.0], [263.0, 875.0], [262.0, 904.0], [195.0, 902.0]]
2025-08-15 10:49:28,745 - DEBUG -   字符数量: 3
2025-08-15 10:49:28,745 - DEBUG -   识别文字: '26层A2-B-C-D-E-F区（入驻山西亿企邦孵化园' (置信度: 0.953)
2025-08-15 10:49:28,745 - DEBUG -   边界框: [[678.0, 900.0], [1135.0, 900.0], [1135.0, 923.0], [678.0, 923.0]]
2025-08-15 10:49:28,745 - DEBUG -   字符数量: 27
2025-08-15 10:49:28,745 - DEBUG -   识别文字: '开户行及账号：' (置信度: 0.786)
2025-08-15 10:49:28,745 - DEBUG -   边界框: [[196.0, 920.0], [347.0, 918.0], [347.0, 945.0], [196.0, 947.0]]
2025-08-15 10:49:28,745 - DEBUG -   字符数量: 7
2025-08-15 10:49:28,745 - DEBUG -   识别文字: '有限公司E区-087)' (置信度: 0.843)
2025-08-15 10:49:28,745 - DEBUG -   边界框: [[676.0, 944.0], [854.0, 944.0], [854.0, 970.0], [676.0, 970.0]]
2025-08-15 10:49:28,745 - DEBUG -   字符数量: 11
2025-08-15 10:49:28,745 - DEBUG -   识别文字: '年月' (置信度: 0.661)
2025-08-15 10:49:28,745 - DEBUG -   边界框: [[424.0, 1041.0], [554.0, 1041.0], [554.0, 1071.0], [424.0, 1071.0]]
2025-08-15 10:49:28,745 - DEBUG -   字符数量: 2
2025-08-15 10:49:28,745 - DEBUG -   识别文字: '年月' (置信度: 0.506)
2025-08-15 10:49:28,745 - DEBUG -   边界框: [[915.0, 1041.0], [1047.0, 1041.0], [1047.0, 1071.0], [915.0, 1071.0]]
2025-08-15 10:49:28,745 - DEBUG -   字符数量: 2
2025-08-15 10:49:28,745 - DEBUG -   识别文字: '签约日期：' (置信度: 0.807)
2025-08-15 10:49:28,745 - DEBUG -   边界框: [[198.0, 1044.0], [305.0, 1044.0], [305.0, 1068.0], [198.0, 1068.0]]
2025-08-15 10:49:28,745 - DEBUG -   字符数量: 5
2025-08-15 10:49:28,745 - DEBUG -   识别文字: '签约日期：' (置信度: 0.803)
2025-08-15 10:49:28,745 - DEBUG -   边界框: [[677.0, 1044.0], [784.0, 1044.0], [784.0, 1068.0], [677.0, 1068.0]]
2025-08-15 10:49:28,745 - DEBUG -   字符数量: 5
2025-08-15 10:49:28,745 - INFO - 第 9/9 页处理完成
2025-08-15 10:49:28,745 - INFO -   识别项目数: 21
2025-08-15 10:49:28,745 - INFO -   OCR耗时: 2.69秒
2025-08-15 10:49:28,745 - INFO -   页面总耗时: 2.70秒
2025-08-15 10:49:28,745 - INFO -   总体进度: 100.0% (9/9)
2025-08-15 10:49:28,746 - INFO - ------------------------------
2025-08-15 10:49:28,746 - INFO - 坐标提取完成！
2025-08-15 10:49:28,746 - INFO - 总页数: 9
2025-08-15 10:49:28,746 - INFO - 总识别项目数: 200
