2025-08-14 21:03:46,820 - INFO - 开始坐标提取模式，PDF: D:\git\zhaoxin-contract-tool-set\sdk\uploads\compare\old_20250814210344004.docx
2025-08-14 21:03:46,821 - INFO - 设置: DPI=150, 最小置信度=0.5, 调试模式=开启
2025-08-14 21:03:46,821 - INFO - GPU模式: 开启
2025-08-14 21:03:46,933 - INFO - 未检测到GPU支持，使用CPU执行
2025-08-14 21:03:46,933 - WARNING - GPU不可用，回退到CPU执行
2025-08-14 21:03:47,157 - INFO - RapidOCR模型初始化完成
2025-08-14 21:03:47,163 - INFO - PDF总页数: 9
2025-08-14 21:03:47,163 - INFO - 开始处理页面...
2025-08-14 21:03:47,163 - INFO - 处理第 1/9 页...
2025-08-14 21:03:47,172 - INFO -   页面渲染完成，尺寸: 834x1250，耗时: 0.01秒
2025-08-14 21:03:49,318 - DEBUG -   识别文字: '肇新合同管理系统' (置信度: 0.875)
2025-08-14 21:03:49,318 - DEBUG -   边界框: [[69.0, 254.0], [254.0, 254.0], [254.0, 277.0], [69.0, 277.0]]
2025-08-14 21:03:49,318 - DEBUG -   字符数量: 8
2025-08-14 21:03:49,318 - DEBUG -   识别文字: '源码销售合同' (置信度: 0.846)
2025-08-14 21:03:49,318 - DEBUG -   边界框: [[68.0, 304.0], [206.0, 304.0], [206.0, 329.0], [68.0, 329.0]]
2025-08-14 21:03:49,318 - DEBUG -   字符数量: 6
2025-08-14 21:03:49,318 - DEBUG -   识别文字: '甲方:' (置信度: 0.654)
2025-08-14 21:03:49,318 - DEBUG -   边界框: [[67.0, 398.0], [123.0, 398.0], [123.0, 427.0], [67.0, 427.0]]
2025-08-14 21:03:49,318 - DEBUG -   字符数量: 3
2025-08-14 21:03:49,319 - DEBUG -   识别文字: '乙方：山西肇新科技有限公司' (置信度: 0.823)
2025-08-14 21:03:49,319 - DEBUG -   边界框: [[71.0, 498.0], [372.0, 498.0], [372.0, 521.0], [71.0, 521.0]]
2025-08-14 21:03:49,319 - DEBUG -   字符数量: 13
2025-08-14 21:03:49,319 - DEBUG -   识别文字: '甲方：' (置信度: 0.733)
2025-08-14 21:03:49,319 - DEBUG -   边界框: [[68.0, 544.0], [138.0, 546.0], [137.0, 575.0], [67.0, 573.0]]
2025-08-14 21:03:49,319 - DEBUG -   字符数量: 3
2025-08-14 21:03:49,319 - DEBUG -   识别文字: '法定代表人：' (置信度: 0.770)
2025-08-14 21:03:49,319 - DEBUG -   边界框: [[67.0, 597.0], [200.0, 597.0], [200.0, 621.0], [67.0, 621.0]]
2025-08-14 21:03:49,319 - DEBUG -   字符数量: 6
2025-08-14 21:03:49,319 - DEBUG -   识别文字: '住所地：' (置信度: 0.790)
2025-08-14 21:03:49,319 - DEBUG -   边界框: [[66.0, 646.0], [157.0, 646.0], [157.0, 673.0], [66.0, 673.0]]
2025-08-14 21:03:49,319 - DEBUG -   字符数量: 4
2025-08-14 21:03:49,319 - DEBUG -   识别文字: '乙方：山西肇新科技有限公司' (置信度: 0.865)
2025-08-14 21:03:49,319 - DEBUG -   边界框: [[71.0, 722.0], [366.0, 722.0], [366.0, 745.0], [71.0, 745.0]]
2025-08-14 21:03:49,319 - DEBUG -   字符数量: 13
2025-08-14 21:03:49,319 - DEBUG -   识别文字: '法定代表人：范忠' (置信度: 0.797)
2025-08-14 21:03:49,319 - DEBUG -   边界框: [[68.0, 772.0], [251.0, 772.0], [251.0, 795.0], [68.0, 795.0]]
2025-08-14 21:03:49,319 - DEBUG -   字符数量: 8
2025-08-14 21:03:49,319 - DEBUG -   识别文字: '住所地：太原市小店区平阳路1号金茂大厦B座26层A2-B-C-D-E-F区' (置信度: 0.922)
2025-08-14 21:03:49,319 - DEBUG -   边界框: [[71.0, 824.0], [735.0, 824.0], [735.0, 844.0], [71.0, 844.0]]
2025-08-14 21:03:49,319 - DEBUG -   字符数量: 37
2025-08-14 21:03:49,319 - DEBUG -   识别文字: '甲乙双方就购买软件产品：肇新合同管理系统V1.4（以下简称：合' (置信度: 0.932)
2025-08-14 21:03:49,319 - DEBUG -   边界框: [[69.0, 894.0], [755.0, 895.0], [755.0, 918.0], [69.0, 917.0]]
2025-08-14 21:03:49,319 - DEBUG -   字符数量: 31
2025-08-14 21:03:49,320 - DEBUG -   识别文字: '同管理系统）源码授权服务事宜，经协商一致，达成如下合同：' (置信度: 0.902)
2025-08-14 21:03:49,320 - DEBUG -   边界框: [[71.0, 925.0], [713.0, 925.0], [713.0, 946.0], [71.0, 946.0]]
2025-08-14 21:03:49,320 - DEBUG -   字符数量: 28
2025-08-14 21:03:49,320 - DEBUG -   识别文字: '一、 定义' (置信度: 0.752)
2025-08-14 21:03:49,320 - DEBUG -   边界框: [[69.0, 973.0], [162.0, 970.0], [163.0, 998.0], [70.0, 1001.0]]
2025-08-14 21:03:49,320 - DEBUG -   字符数量: 4
2025-08-14 21:03:49,320 - DEBUG -   识别文字: '1.1软件或许可软件：许可方授权被许可方使用的软件的全部源代' (置信度: 0.927)
2025-08-14 21:03:49,320 - DEBUG -   边界框: [[69.0, 1026.0], [726.0, 1026.0], [726.0, 1046.0], [69.0, 1046.0]]
2025-08-14 21:03:49,320 - DEBUG -   字符数量: 30
2025-08-14 21:03:49,320 - DEBUG -   识别文字: '码。' (置信度: 0.659)
2025-08-14 21:03:49,320 - DEBUG -   边界框: [[66.0, 1050.0], [103.0, 1050.0], [103.0, 1078.0], [66.0, 1078.0]]
2025-08-14 21:03:49,320 - DEBUG -   字符数量: 2
2025-08-14 21:03:49,320 - DEBUG -   识别文字: '1.2派生作品：被许可方依据本合同对许可软件所作的任何离散的修' (置信度: 0.938)
2025-08-14 21:03:49,320 - DEBUG -   边界框: [[69.0, 1105.0], [750.0, 1105.0], [750.0, 1125.0], [69.0, 1125.0]]
2025-08-14 21:03:49,320 - DEBUG -   字符数量: 31
2025-08-14 21:03:49,320 - DEBUG -   识别文字: '改，以及许可软件的任何修改、变更、改进或改编版本，或基于许可' (置信度: 0.917)
2025-08-14 21:03:49,320 - DEBUG -   边界框: [[68.0, 1130.0], [754.0, 1130.0], [754.0, 1153.0], [68.0, 1153.0]]
2025-08-14 21:03:49,320 - DEBUG -   字符数量: 30
2025-08-14 21:03:49,320 - INFO - 第 1/9 页处理完成
2025-08-14 21:03:49,320 - INFO -   识别项目数: 17
2025-08-14 21:03:49,320 - INFO -   OCR耗时: 2.15秒
2025-08-14 21:03:49,320 - INFO -   页面总耗时: 2.16秒
2025-08-14 21:03:49,320 - INFO -   总体进度: 11.1% (1/9)
2025-08-14 21:03:49,320 - INFO - ------------------------------
2025-08-14 21:03:49,320 - INFO - 处理第 2/9 页...
2025-08-14 21:03:49,325 - INFO -   页面渲染完成，尺寸: 834x1250，耗时: 0.01秒
2025-08-14 21:03:51,597 - DEBUG -   识别文字: '软件的任何其他派生作品。' (置信度: 0.919)
2025-08-14 21:03:51,597 - DEBUG -   边界框: [[69.0, 71.0], [327.0, 71.0], [327.0, 94.0], [69.0, 94.0]]
2025-08-14 21:03:51,597 - DEBUG -   字符数量: 12
2025-08-14 21:03:51,597 - DEBUG -   识别文字: '二、许可软件' (置信度: 0.854)
2025-08-14 21:03:51,597 - DEBUG -   边界框: [[69.0, 121.0], [205.0, 121.0], [205.0, 145.0], [69.0, 145.0]]
2025-08-14 21:03:51,597 - DEBUG -   字符数量: 6
2025-08-14 21:03:51,597 - DEBUG -   识别文字: '2.1乙方授权甲方使用如下软件：' (置信度: 0.914)
2025-08-14 21:03:51,597 - DEBUG -   边界框: [[67.0, 171.0], [394.0, 170.0], [394.0, 196.0], [67.0, 197.0]]
2025-08-14 21:03:51,597 - DEBUG -   字符数量: 16
2025-08-14 21:03:51,597 - DEBUG -   识别文字: '软件名称：肇新合同管理系统' (置信度: 0.926)
2025-08-14 21:03:51,597 - DEBUG -   边界框: [[69.0, 223.0], [374.0, 223.0], [374.0, 246.0], [69.0, 246.0]]
2025-08-14 21:03:51,597 - DEBUG -   字符数量: 13
2025-08-14 21:03:51,597 - DEBUG -   识别文字: '软著登记号：2023SR1275530' (置信度: 0.887)
2025-08-14 21:03:51,597 - DEBUG -   边界框: [[69.0, 273.0], [382.0, 273.0], [382.0, 296.0], [69.0, 296.0]]
2025-08-14 21:03:51,597 - DEBUG -   字符数量: 19
2025-08-14 21:03:51,598 - DEBUG -   识别文字: '本次许可版本：V1.4' (置信度: 0.848)
2025-08-14 21:03:51,598 - DEBUG -   边界框: [[70.0, 324.0], [284.0, 324.0], [284.0, 347.0], [70.0, 347.0]]
2025-08-14 21:03:51,598 - DEBUG -   字符数量: 11
2025-08-14 21:03:51,598 - DEBUG -   识别文字: '许可安装数量：不限' (置信度: 0.897)
2025-08-14 21:03:51,598 - DEBUG -   边界框: [[70.0, 375.0], [282.0, 375.0], [282.0, 398.0], [70.0, 398.0]]
2025-08-14 21:03:51,598 - DEBUG -   字符数量: 9
2025-08-14 21:03:51,598 - DEBUG -   识别文字: '授权期限：本授权为永久授权，自合同签订之日起生效。' (置信度: 0.892)
2025-08-14 21:03:51,598 - DEBUG -   边界框: [[70.0, 426.0], [633.0, 426.0], [633.0, 446.0], [70.0, 446.0]]
2025-08-14 21:03:51,598 - DEBUG -   字符数量: 25
2025-08-14 21:03:51,598 - DEBUG -   识别文字: '2.2授权内容：乙方授权甲方使用本源码及其派生作品，并可使用本' (置信度: 0.904)
2025-08-14 21:03:51,598 - DEBUG -   边界框: [[68.0, 475.0], [743.0, 474.0], [743.0, 497.0], [68.0, 498.0]]
2025-08-14 21:03:51,598 - DEBUG -   字符数量: 31
2025-08-14 21:03:51,598 - DEBUG -   识别文字: '软件对第三方提供服务。甲方可以根据自身业务需求，对软件进行修' (置信度: 0.946)
2025-08-14 21:03:51,598 - DEBUG -   边界框: [[69.0, 502.0], [756.0, 502.0], [756.0, 525.0], [69.0, 525.0]]
2025-08-14 21:03:51,598 - DEBUG -   字符数量: 30
2025-08-14 21:03:51,598 - DEBUG -   识别文字: '改、改进或扩展，以适应特定的业务场景。乙方保留对原始软件的所' (置信度: 0.892)
2025-08-14 21:03:51,598 - DEBUG -   边界框: [[71.0, 532.0], [755.0, 532.0], [755.0, 552.0], [71.0, 552.0]]
2025-08-14 21:03:51,598 - DEBUG -   字符数量: 30
2025-08-14 21:03:51,598 - DEBUG -   识别文字: '有知识产权，甲方进行的二次开发产生的新代码和改进，其知识产权' (置信度: 0.913)
2025-08-14 21:03:51,598 - DEBUG -   边界框: [[70.0, 557.0], [756.0, 557.0], [756.0, 580.0], [70.0, 580.0]]
2025-08-14 21:03:51,598 - DEBUG -   字符数量: 30
2025-08-14 21:03:51,598 - DEBUG -   识别文字: '归属于甲方。' (置信度: 0.856)
2025-08-14 21:03:51,598 - DEBUG -   边界框: [[66.0, 582.0], [196.0, 584.0], [195.0, 611.0], [66.0, 609.0]]
2025-08-14 21:03:51,599 - DEBUG -   字符数量: 6
2025-08-14 21:03:51,599 - DEBUG -   识别文字: '2.3授权限制：' (置信度: 0.861)
2025-08-14 21:03:51,599 - DEBUG -   边界框: [[68.0, 635.0], [213.0, 635.0], [213.0, 658.0], [68.0, 658.0]]
2025-08-14 21:03:51,599 - DEBUG -   字符数量: 8
2025-08-14 21:03:51,599 - DEBUG -   识别文字: '甲方不得将授权源码及其派生作品出租、出借、出售、分发或以任何' (置信度: 0.875)
2025-08-14 21:03:51,599 - DEBUG -   边界框: [[70.0, 686.0], [755.0, 686.0], [755.0, 709.0], [70.0, 709.0]]
2025-08-14 21:03:51,599 - DEBUG -   字符数量: 30
2025-08-14 21:03:51,599 - DEBUG -   识别文字: '形式转让给第三方。' (置信度: 0.848)
2025-08-14 21:03:51,599 - DEBUG -   边界框: [[67.0, 711.0], [261.0, 713.0], [260.0, 737.0], [67.0, 735.0]]
2025-08-14 21:03:51,599 - DEBUG -   字符数量: 9
2025-08-14 21:03:51,599 - DEBUG -   识别文字: '本合同约定的软件许可为不可转让的、无权分许可的普通许可。' (置信度: 0.957)
2025-08-14 21:03:51,599 - DEBUG -   边界框: [[69.0, 763.0], [695.0, 763.0], [695.0, 786.0], [69.0, 786.0]]
2025-08-14 21:03:51,599 - DEBUG -   字符数量: 28
2025-08-14 21:03:51,599 - DEBUG -   识别文字: '三、产品授权信息' (置信度: 0.886)
2025-08-14 21:03:51,599 - DEBUG -   边界框: [[69.0, 813.0], [253.0, 813.0], [253.0, 839.0], [69.0, 839.0]]
2025-08-14 21:03:51,599 - DEBUG -   字符数量: 8
2025-08-14 21:03:51,599 - DEBUG -   识别文字: '被授权公司/单位名称' (置信度: 0.899)
2025-08-14 21:03:51,599 - DEBUG -   边界框: [[70.0, 864.0], [286.0, 864.0], [286.0, 887.0], [70.0, 887.0]]
2025-08-14 21:03:51,599 - DEBUG -   字符数量: 10
2025-08-14 21:03:51,599 - DEBUG -   识别文字: '授权域名' (置信度: 0.777)
2025-08-14 21:03:51,599 - DEBUG -   边界框: [[66.0, 936.0], [162.0, 936.0], [162.0, 964.0], [66.0, 964.0]]
2025-08-14 21:03:51,599 - DEBUG -   字符数量: 4
2025-08-14 21:03:51,599 - DEBUG -   识别文字: '资料接收邮箱' (置信度: 0.809)
2025-08-14 21:03:51,599 - DEBUG -   边界框: [[69.0, 1038.0], [205.0, 1038.0], [205.0, 1062.0], [69.0, 1062.0]]
2025-08-14 21:03:51,599 - DEBUG -   字符数量: 6
2025-08-14 21:03:51,599 - DEBUG -   识别文字: '项目联系人' (置信度: 0.806)
2025-08-14 21:03:51,599 - DEBUG -   边界框: [[68.0, 1112.0], [184.0, 1112.0], [184.0, 1136.0], [68.0, 1136.0]]
2025-08-14 21:03:51,599 - DEBUG -   字符数量: 5
2025-08-14 21:03:51,599 - INFO - 第 2/9 页处理完成
2025-08-14 21:03:51,599 - INFO -   识别项目数: 22
2025-08-14 21:03:51,599 - INFO -   OCR耗时: 2.27秒
2025-08-14 21:03:51,599 - INFO -   页面总耗时: 2.28秒
2025-08-14 21:03:51,599 - INFO -   总体进度: 22.2% (2/9)
2025-08-14 21:03:51,599 - INFO - ------------------------------
2025-08-14 21:03:51,599 - INFO - 处理第 3/9 页...
2025-08-14 21:03:51,606 - INFO -   页面渲染完成，尺寸: 834x1250，耗时: 0.01秒
2025-08-14 21:03:54,624 - DEBUG -   识别文字: '联系人电话' (置信度: 0.833)
2025-08-14 21:03:54,625 - DEBUG -   边界框: [[67.0, 69.0], [184.0, 69.0], [184.0, 93.0], [67.0, 93.0]]
2025-08-14 21:03:54,625 - DEBUG -   字符数量: 5
2025-08-14 21:03:54,625 - DEBUG -   识别文字: '文件邮递地址及联系方式' (置信度: 0.916)
2025-08-14 21:03:54,625 - DEBUG -   边界框: [[70.0, 145.0], [321.0, 145.0], [321.0, 168.0], [70.0, 168.0]]
2025-08-14 21:03:54,625 - DEBUG -   字符数量: 11
2025-08-14 21:03:54,625 - DEBUG -   识别文字: '四、双方权利义务' (置信度: 0.886)
2025-08-14 21:03:54,625 - DEBUG -   边界框: [[69.0, 241.0], [252.0, 241.0], [252.0, 264.0], [69.0, 264.0]]
2025-08-14 21:03:54,625 - DEBUG -   字符数量: 8
2025-08-14 21:03:54,625 - DEBUG -   识别文字: '4.1乙方承诺：' (置信度: 0.850)
2025-08-14 21:03:54,625 - DEBUG -   边界框: [[68.0, 290.0], [218.0, 290.0], [218.0, 315.0], [68.0, 315.0]]
2025-08-14 21:03:54,625 - DEBUG -   字符数量: 8
2025-08-14 21:03:54,625 - DEBUG -   识别文字: '4.1.1乙方软件为原创软件，不涉及其他原始作品权利，软件不存在' (置信度: 0.892)
2025-08-14 21:03:54,625 - DEBUG -   边界框: [[71.0, 344.0], [745.0, 344.0], [745.0, 364.0], [71.0, 364.0]]
2025-08-14 21:03:54,625 - DEBUG -   字符数量: 32
2025-08-14 21:03:54,625 - DEBUG -   识别文字: '抄袭、剽窃他人软件或侵犯任何其他第三人知识产权、智力成果及合' (置信度: 0.912)
2025-08-14 21:03:54,625 - DEBUG -   边界框: [[69.0, 369.0], [755.0, 369.0], [755.0, 392.0], [69.0, 392.0]]
2025-08-14 21:03:54,625 - DEBUG -   字符数量: 30
2025-08-14 21:03:54,625 - DEBUG -   识别文字: '法权益的情形。' (置信度: 0.826)
2025-08-14 21:03:54,625 - DEBUG -   边界框: [[67.0, 396.0], [215.0, 398.0], [214.0, 422.0], [67.0, 420.0]]
2025-08-14 21:03:54,625 - DEBUG -   字符数量: 7
2025-08-14 21:03:54,625 - DEBUG -   识别文字: '4.1.2乙方向甲方承诺以上软件产品系经严格测试、成熟稳定、无病' (置信度: 0.879)
2025-08-14 21:03:54,625 - DEBUG -   边界框: [[71.0, 449.0], [744.0, 449.0], [744.0, 469.0], [71.0, 469.0]]
2025-08-14 21:03:54,625 - DEBUG -   字符数量: 32
2025-08-14 21:03:54,625 - DEBUG -   识别文字: '毒及重大缺陷的软件产品。' (置信度: 0.869)
2025-08-14 21:03:54,625 - DEBUG -   边界框: [[68.0, 474.0], [328.0, 476.0], [328.0, 499.0], [68.0, 497.0]]
2025-08-14 21:03:54,625 - DEBUG -   字符数量: 12
2025-08-14 21:03:54,626 - DEBUG -   识别文字: '4.1.3乙方承诺以上产品无任何著作权归属的纠纷，并承诺以上产品' (置信度: 0.896)
2025-08-14 21:03:54,626 - DEBUG -   边界框: [[71.0, 526.0], [744.0, 526.0], [744.0, 546.0], [71.0, 546.0]]
2025-08-14 21:03:54,626 - DEBUG -   字符数量: 32
2025-08-14 21:03:54,626 - DEBUG -   识别文字: '皆为可执行的软件产品，未在其中设置任何妨碍软件正常运行的限制' (置信度: 0.922)
2025-08-14 21:03:54,626 - DEBUG -   边界框: [[70.0, 553.0], [756.0, 553.0], [756.0, 576.0], [70.0, 576.0]]
2025-08-14 21:03:54,626 - DEBUG -   字符数量: 30
2025-08-14 21:03:54,626 - DEBUG -   识别文字: '措施。' (置信度: 0.682)
2025-08-14 21:03:54,626 - DEBUG -   边界框: [[66.0, 577.0], [125.0, 577.0], [125.0, 606.0], [66.0, 606.0]]
2025-08-14 21:03:54,626 - DEBUG -   字符数量: 3
2025-08-14 21:03:54,626 - DEBUG -   识别文字: '若乙方上述承诺不属实，没有提前如实告知甲方存在权利缺陷，甲方' (置信度: 0.963)
2025-08-14 21:03:54,626 - DEBUG -   边界框: [[69.0, 630.0], [755.0, 631.0], [755.0, 654.0], [69.0, 653.0]]
2025-08-14 21:03:54,626 - DEBUG -   字符数量: 30
2025-08-14 21:03:54,626 - DEBUG -   识别文字: '有权拒绝支付使用费，并要求乙方补偿由此而支付的额外费用。在合' (置信度: 0.902)
2025-08-14 21:03:54,626 - DEBUG -   边界框: [[70.0, 657.0], [755.0, 657.0], [755.0, 680.0], [70.0, 680.0]]
2025-08-14 21:03:54,626 - DEBUG -   字符数量: 30
2025-08-14 21:03:54,626 - DEBUG -   识别文字: '同有效期内，若发生第三方提出侵权的控诉，应由乙方到庭应诉并承' (置信度: 0.910)
2025-08-14 21:03:54,626 - DEBUG -   边界框: [[72.0, 687.0], [756.0, 687.0], [756.0, 707.0], [72.0, 707.0]]
2025-08-14 21:03:54,626 - DEBUG -   字符数量: 30
2025-08-14 21:03:54,626 - DEBUG -   识别文字: '担法律责任，一切与甲方无关，甲方因此支出的相关费用可向乙方追' (置信度: 0.949)
2025-08-14 21:03:54,626 - DEBUG -   边界框: [[69.0, 713.0], [756.0, 713.0], [756.0, 736.0], [69.0, 736.0]]
2025-08-14 21:03:54,626 - DEBUG -   字符数量: 30
2025-08-14 21:03:54,626 - DEBUG -   识别文字: '偿。' (置信度: 0.638)
2025-08-14 21:03:54,626 - DEBUG -   边界框: [[66.0, 737.0], [101.0, 737.0], [101.0, 766.0], [66.0, 766.0]]
2025-08-14 21:03:54,626 - DEBUG -   字符数量: 2
2025-08-14 21:03:54,626 - DEBUG -   识别文字: '4.2乙方向甲方提供任何软件、代码、文件、文档及材料等均不构成' (置信度: 0.958)
2025-08-14 21:03:54,626 - DEBUG -   边界框: [[70.0, 791.0], [749.0, 791.0], [749.0, 814.0], [70.0, 814.0]]
2025-08-14 21:03:54,626 - DEBUG -   字符数量: 31
2025-08-14 21:03:54,626 - DEBUG -   识别文字: '向甲方转让任何乙方知识产权。' (置信度: 0.887)
2025-08-14 21:03:54,626 - DEBUG -   边界框: [[70.0, 818.0], [375.0, 818.0], [375.0, 841.0], [70.0, 841.0]]
2025-08-14 21:03:54,626 - DEBUG -   字符数量: 14
2025-08-14 21:03:54,627 - DEBUG -   识别文字: '4.3如甲方未能遵守本合同的条款，乙方有权终止软件授权，甲方所' (置信度: 0.911)
2025-08-14 21:03:54,627 - DEBUG -   边界框: [[71.0, 870.0], [747.0, 870.0], [747.0, 890.0], [71.0, 890.0]]
2025-08-14 21:03:54,627 - DEBUG -   字符数量: 31
2025-08-14 21:03:54,627 - DEBUG -   识别文字: '被许可的授权将被收回，并承担相应法律责任。' (置信度: 0.947)
2025-08-14 21:03:54,627 - DEBUG -   边界框: [[69.0, 895.0], [533.0, 896.0], [533.0, 919.0], [69.0, 918.0]]
2025-08-14 21:03:54,627 - DEBUG -   字符数量: 21
2025-08-14 21:03:54,627 - DEBUG -   识别文字: '五、交付' (置信度: 0.798)
2025-08-14 21:03:54,627 - DEBUG -   边界框: [[67.0, 946.0], [162.0, 946.0], [162.0, 973.0], [67.0, 973.0]]
2025-08-14 21:03:54,627 - DEBUG -   字符数量: 4
2025-08-14 21:03:54,627 - DEBUG -   识别文字: '5.1交付：可交付物以第三条约定的电子邮件方式传递。' (置信度: 0.906)
2025-08-14 21:03:54,627 - DEBUG -   边界框: [[69.0, 999.0], [610.0, 999.0], [610.0, 1019.0], [69.0, 1019.0]]
2025-08-14 21:03:54,627 - DEBUG -   字符数量: 26
2025-08-14 21:03:54,627 - DEBUG -   识别文字: '六、配套技术服务' (置信度: 0.880)
2025-08-14 21:03:54,627 - DEBUG -   边界框: [[67.0, 1047.0], [252.0, 1049.0], [251.0, 1073.0], [67.0, 1071.0]]
2025-08-14 21:03:54,627 - DEBUG -   字符数量: 8
2025-08-14 21:03:54,627 - DEBUG -   识别文字: '6.1软件操作指导' (置信度: 0.799)
2025-08-14 21:03:54,627 - DEBUG -   边界框: [[67.0, 1096.0], [246.0, 1098.0], [245.0, 1122.0], [67.0, 1120.0]]
2025-08-14 21:03:54,627 - DEBUG -   字符数量: 9
2025-08-14 21:03:54,627 - DEBUG -   识别文字: '本项目付款后3个月内，乙方应根据甲方的请求，指派技术人员向甲' (置信度: 0.957)
2025-08-14 21:03:54,627 - DEBUG -   边界框: [[70.0, 1148.0], [745.0, 1148.0], [745.0, 1171.0], [70.0, 1171.0]]
2025-08-14 21:03:54,627 - DEBUG -   字符数量: 30
2025-08-14 21:03:54,627 - INFO - 第 3/9 页处理完成
2025-08-14 21:03:54,627 - INFO -   识别项目数: 26
2025-08-14 21:03:54,627 - INFO -   OCR耗时: 3.02秒
2025-08-14 21:03:54,627 - INFO -   页面总耗时: 3.03秒
2025-08-14 21:03:54,627 - INFO -   总体进度: 33.3% (3/9)
2025-08-14 21:03:54,627 - INFO - ------------------------------
2025-08-14 21:03:54,627 - INFO - 处理第 4/9 页...
2025-08-14 21:03:54,631 - INFO -   页面渲染完成，尺寸: 834x1250，耗时: 0.00秒
2025-08-14 21:03:56,365 - DEBUG -   识别文字: '方提供技术培训，以传授开发软件的操作或使用方法。' (置信度: 0.863)
2025-08-14 21:03:56,365 - DEBUG -   边界框: [[70.0, 71.0], [601.0, 71.0], [601.0, 94.0], [70.0, 94.0]]
2025-08-14 21:03:56,365 - DEBUG -   字符数量: 24
2025-08-14 21:03:56,365 - DEBUG -   识别文字: '培训方式：腾讯会议;' (置信度: 0.865)
2025-08-14 21:03:56,365 - DEBUG -   边界框: [[68.0, 121.0], [282.0, 121.0], [282.0, 147.0], [68.0, 147.0]]
2025-08-14 21:03:56,365 - DEBUG -   字符数量: 10
2025-08-14 21:03:56,365 - DEBUG -   识别文字: '培训次数：不少于2次，每次不少于3小时。' (置信度: 0.904)
2025-08-14 21:03:56,365 - DEBUG -   边界框: [[69.0, 172.0], [490.0, 172.0], [490.0, 195.0], [69.0, 195.0]]
2025-08-14 21:03:56,365 - DEBUG -   字符数量: 20
2025-08-14 21:03:56,365 - DEBUG -   识别文字: '若甲方需要线下培训，则乙方指派1名具有从业3年以上经验、精通' (置信度: 0.918)
2025-08-14 21:03:56,365 - DEBUG -   边界框: [[70.0, 224.0], [756.0, 224.0], [756.0, 244.0], [70.0, 244.0]]
2025-08-14 21:03:56,365 - DEBUG -   字符数量: 30
2025-08-14 21:03:56,365 - DEBUG -   识别文字: '标的产品操作的专业工作人员为甲方工作人员提供培训课程，提高甲' (置信度: 0.905)
2025-08-14 21:03:56,365 - DEBUG -   边界框: [[70.0, 250.0], [755.0, 250.0], [755.0, 273.0], [70.0, 273.0]]
2025-08-14 21:03:56,365 - DEBUG -   字符数量: 30
2025-08-14 21:03:56,366 - DEBUG -   识别文字: '方工作人员软件操作素养，乙方人员提供技术培训而产生的差旅费用' (置信度: 0.918)
2025-08-14 21:03:56,366 - DEBUG -   边界框: [[70.0, 278.0], [755.0, 278.0], [755.0, 301.0], [70.0, 301.0]]
2025-08-14 21:03:56,366 - DEBUG -   字符数量: 30
2025-08-14 21:03:56,366 - DEBUG -   识别文字: '和人工费用由甲方负责。' (置信度: 0.882)
2025-08-14 21:03:56,366 - DEBUG -   边界框: [[69.0, 305.0], [307.0, 305.0], [307.0, 329.0], [69.0, 329.0]]
2025-08-14 21:03:56,366 - DEBUG -   字符数量: 11
2025-08-14 21:03:56,366 - DEBUG -   识别文字: '6.2文档交付' (置信度: 0.844)
2025-08-14 21:03:56,366 - DEBUG -   边界框: [[69.0, 356.0], [200.0, 356.0], [200.0, 380.0], [69.0, 380.0]]
2025-08-14 21:03:56,366 - DEBUG -   字符数量: 7
2025-08-14 21:03:56,366 - DEBUG -   识别文字: '本项目付款后，乙方向甲方交付如下原始文档，供甲方二次开发使' (置信度: 0.898)
2025-08-14 21:03:56,366 - DEBUG -   边界框: [[68.0, 404.0], [735.0, 405.0], [735.0, 431.0], [68.0, 430.0]]
2025-08-14 21:03:56,366 - DEBUG -   字符数量: 29
2025-08-14 21:03:56,366 - DEBUG -   识别文字: '用。' (置信度: 0.655)
2025-08-14 21:03:56,366 - DEBUG -   边界框: [[66.0, 432.0], [102.0, 432.0], [102.0, 460.0], [66.0, 460.0]]
2025-08-14 21:03:56,366 - DEBUG -   字符数量: 2
2025-08-14 21:03:56,366 - DEBUG -   识别文字: '用户手册' (置信度: 0.799)
2025-08-14 21:03:56,366 - DEBUG -   边界框: [[66.0, 482.0], [161.0, 480.0], [162.0, 508.0], [67.0, 510.0]]
2025-08-14 21:03:56,366 - DEBUG -   字符数量: 4
2025-08-14 21:03:56,366 - DEBUG -   识别文字: '需求规格说明书' (置信度: 0.810)
2025-08-14 21:03:56,366 - DEBUG -   边界框: [[69.0, 534.0], [229.0, 534.0], [229.0, 558.0], [69.0, 558.0]]
2025-08-14 21:03:56,366 - DEBUG -   字符数量: 7
2025-08-14 21:03:56,366 - DEBUG -   识别文字: '详细设计说明书' (置信度: 0.848)
2025-08-14 21:03:56,366 - DEBUG -   边界框: [[70.0, 585.0], [229.0, 585.0], [229.0, 609.0], [70.0, 609.0]]
2025-08-14 21:03:56,366 - DEBUG -   字符数量: 7
2025-08-14 21:03:56,366 - DEBUG -   识别文字: '数据库设计文档' (置信度: 0.853)
2025-08-14 21:03:56,366 - DEBUG -   边界框: [[69.0, 635.0], [230.0, 635.0], [230.0, 659.0], [69.0, 659.0]]
2025-08-14 21:03:56,366 - DEBUG -   字符数量: 7
2025-08-14 21:03:56,366 - DEBUG -   识别文字: '部署设计文档' (置信度: 0.850)
2025-08-14 21:03:56,366 - DEBUG -   边界框: [[69.0, 686.0], [206.0, 686.0], [206.0, 710.0], [69.0, 710.0]]
2025-08-14 21:03:56,366 - DEBUG -   字符数量: 6
2025-08-14 21:03:56,366 - DEBUG -   识别文字: '接口设计文档' (置信度: 0.782)
2025-08-14 21:03:56,366 - DEBUG -   边界框: [[68.0, 736.0], [206.0, 736.0], [206.0, 760.0], [68.0, 760.0]]
2025-08-14 21:03:56,366 - DEBUG -   字符数量: 6
2025-08-14 21:03:56,366 - DEBUG -   识别文字: '合同模块接口' (置信度: 0.796)
2025-08-14 21:03:56,366 - DEBUG -   边界框: [[70.0, 786.0], [205.0, 786.0], [205.0, 810.0], [70.0, 810.0]]
2025-08-14 21:03:56,367 - DEBUG -   字符数量: 6
2025-08-14 21:03:56,367 - DEBUG -   识别文字: '系统配置模块接口' (置信度: 0.887)
2025-08-14 21:03:56,367 - DEBUG -   边界框: [[70.0, 837.0], [251.0, 837.0], [251.0, 860.0], [70.0, 860.0]]
2025-08-14 21:03:56,367 - DEBUG -   字符数量: 8
2025-08-14 21:03:56,367 - DEBUG -   识别文字: '肇新合同系统测试报告' (置信度: 0.906)
2025-08-14 21:03:56,367 - DEBUG -   边界框: [[70.0, 887.0], [298.0, 887.0], [298.0, 910.0], [70.0, 910.0]]
2025-08-14 21:03:56,367 - DEBUG -   字符数量: 10
2025-08-14 21:03:56,367 - DEBUG -   识别文字: '肇新合同系统测试执行报告' (置信度: 0.918)
2025-08-14 21:03:56,367 - DEBUG -   边界框: [[70.0, 939.0], [343.0, 939.0], [343.0, 962.0], [70.0, 962.0]]
2025-08-14 21:03:56,367 - DEBUG -   字符数量: 12
2025-08-14 21:03:56,367 - DEBUG -   识别文字: '肇新合同管理系统功能清单v1.4' (置信度: 0.897)
2025-08-14 21:03:56,367 - DEBUG -   边界框: [[71.0, 990.0], [388.0, 990.0], [388.0, 1010.0], [71.0, 1010.0]]
2025-08-14 21:03:56,367 - DEBUG -   字符数量: 16
2025-08-14 21:03:56,367 - DEBUG -   识别文字: '6.3联系人' (置信度: 0.795)
2025-08-14 21:03:56,367 - DEBUG -   边界框: [[67.0, 1106.0], [168.0, 1106.0], [168.0, 1130.0], [67.0, 1130.0]]
2025-08-14 21:03:56,367 - DEBUG -   字符数量: 6
2025-08-14 21:03:56,367 - INFO - 第 4/9 页处理完成
2025-08-14 21:03:56,367 - INFO -   识别项目数: 22
2025-08-14 21:03:56,367 - INFO -   OCR耗时: 1.73秒
2025-08-14 21:03:56,367 - INFO -   页面总耗时: 1.74秒
2025-08-14 21:03:56,367 - INFO -   总体进度: 44.4% (4/9)
2025-08-14 21:03:56,367 - INFO - ------------------------------
2025-08-14 21:03:56,367 - INFO - 处理第 5/9 页...
2025-08-14 21:03:56,372 - INFO -   页面渲染完成，尺寸: 834x1250，耗时: 0.00秒
2025-08-14 21:03:57,215 - DEBUG -   识别文字: '乙方项目负责人' (置信度: 0.844)
2025-08-14 21:03:57,215 - DEBUG -   边界框: [[70.0, 70.0], [229.0, 70.0], [229.0, 94.0], [70.0, 94.0]]
2025-08-14 21:03:57,215 - DEBUG -   字符数量: 7
2025-08-14 21:03:57,215 - DEBUG -   识别文字: '姓名' (置信度: 0.667)
2025-08-14 21:03:57,215 - DEBUG -   边界框: [[63.0, 116.0], [118.0, 116.0], [118.0, 149.0], [63.0, 149.0]]
2025-08-14 21:03:57,215 - DEBUG -   字符数量: 2
2025-08-14 21:03:57,215 - DEBUG -   识别文字: '职责' (置信度: 0.662)
2025-08-14 21:03:57,215 - DEBUG -   边界框: [[66.0, 168.0], [118.0, 168.0], [118.0, 198.0], [66.0, 198.0]]
2025-08-14 21:03:57,215 - DEBUG -   字符数量: 2
2025-08-14 21:03:57,215 - DEBUG -   识别文字: '部门' (置信度: 0.663)
2025-08-14 21:03:57,215 - DEBUG -   边界框: [[65.0, 218.0], [120.0, 218.0], [120.0, 251.0], [65.0, 251.0]]
2025-08-14 21:03:57,215 - DEBUG -   字符数量: 2
2025-08-14 21:03:57,215 - DEBUG -   识别文字: '电话' (置信度: 0.666)
2025-08-14 21:03:57,216 - DEBUG -   边界框: [[66.0, 269.0], [119.0, 269.0], [119.0, 299.0], [66.0, 299.0]]
2025-08-14 21:03:57,216 - DEBUG -   字符数量: 2
2025-08-14 21:03:57,216 - DEBUG -   识别文字: '电子邮件' (置信度: 0.666)
2025-08-14 21:03:57,216 - DEBUG -   边界框: [[67.0, 321.0], [162.0, 321.0], [162.0, 348.0], [67.0, 348.0]]
2025-08-14 21:03:57,216 - DEBUG -   字符数量: 4
2025-08-14 21:03:57,216 - DEBUG -   识别文字: '范慧斌' (置信度: 0.663)
2025-08-14 21:03:57,216 - DEBUG -   边界框: [[66.0, 371.0], [141.0, 371.0], [141.0, 399.0], [66.0, 399.0]]
2025-08-14 21:03:57,216 - DEBUG -   字符数量: 3
2025-08-14 21:03:57,216 - DEBUG -   识别文字: '经理' (置信度: 0.659)
2025-08-14 21:03:57,216 - DEBUG -   边界框: [[66.0, 420.0], [119.0, 420.0], [119.0, 450.0], [66.0, 450.0]]
2025-08-14 21:03:57,216 - DEBUG -   字符数量: 2
2025-08-14 21:03:57,216 - DEBUG -   识别文字: '研发部' (置信度: 0.632)
2025-08-14 21:03:57,216 - DEBUG -   边界框: [[66.0, 472.0], [141.0, 472.0], [141.0, 500.0], [66.0, 500.0]]
2025-08-14 21:03:57,216 - DEBUG -   字符数量: 3
2025-08-14 21:03:57,216 - DEBUG -   识别文字: '13671354640' (置信度: 0.868)
2025-08-14 21:03:57,216 - DEBUG -   边界框: [[67.0, 525.0], [213.0, 525.0], [213.0, 548.0], [67.0, 548.0]]
2025-08-14 21:03:57,216 - DEBUG -   字符数量: 11
2025-08-14 21:03:57,216 - DEBUG -   识别文字: 'fanhuibin@zhaoxinms.com' (置信度: 0.947)
2025-08-14 21:03:57,216 - DEBUG -   边界框: [[68.0, 576.0], [347.0, 576.0], [347.0, 599.0], [68.0, 599.0]]
2025-08-14 21:03:57,216 - DEBUG -   字符数量: 23
2025-08-14 21:03:57,216 - DEBUG -   识别文字: '七、费用及支付' (置信度: 0.754)
2025-08-14 21:03:57,216 - DEBUG -   边界框: [[68.0, 648.0], [230.0, 648.0], [230.0, 672.0], [68.0, 672.0]]
2025-08-14 21:03:57,216 - DEBUG -   字符数量: 7
2025-08-14 21:03:57,216 - DEBUG -   识别文字: '7.1本合同相关产品及服务价格明细如下：' (置信度: 0.896)
2025-08-14 21:03:57,216 - DEBUG -   边界框: [[69.0, 700.0], [484.0, 700.0], [484.0, 720.0], [69.0, 720.0]]
2025-08-14 21:03:57,216 - DEBUG -   字符数量: 20
2025-08-14 21:03:57,216 - DEBUG -   识别文字: '序号' (置信度: 0.666)
2025-08-14 21:03:57,216 - DEBUG -   边界框: [[65.0, 746.0], [118.0, 746.0], [118.0, 776.0], [65.0, 776.0]]
2025-08-14 21:03:57,216 - DEBUG -   字符数量: 2
2025-08-14 21:03:57,216 - DEBUG -   识别文字: '产品/服务' (置信度: 0.785)
2025-08-14 21:03:57,216 - DEBUG -   边界框: [[67.0, 797.0], [173.0, 797.0], [173.0, 824.0], [67.0, 824.0]]
2025-08-14 21:03:57,216 - DEBUG -   字符数量: 5
2025-08-14 21:03:57,216 - DEBUG -   识别文字: '数量' (置信度: 0.662)
2025-08-14 21:03:57,216 - DEBUG -   边界框: [[65.0, 847.0], [118.0, 847.0], [118.0, 876.0], [65.0, 876.0]]
2025-08-14 21:03:57,216 - DEBUG -   字符数量: 2
2025-08-14 21:03:57,216 - DEBUG -   识别文字: '单价（人民币/元）' (置信度: 0.850)
2025-08-14 21:03:57,216 - DEBUG -   边界框: [[68.0, 897.0], [257.0, 900.0], [256.0, 927.0], [68.0, 924.0]]
2025-08-14 21:03:57,216 - DEBUG -   字符数量: 9
2025-08-14 21:03:57,216 - DEBUG -   识别文字: '单位' (置信度: 0.667)
2025-08-14 21:03:57,216 - DEBUG -   边界框: [[66.0, 947.0], [118.0, 947.0], [118.0, 977.0], [66.0, 977.0]]
2025-08-14 21:03:57,216 - DEBUG -   字符数量: 2
2025-08-14 21:03:57,216 - DEBUG -   识别文字: '总价（人民币/元）' (置信度: 0.827)
2025-08-14 21:03:57,216 - DEBUG -   边界框: [[68.0, 999.0], [256.0, 1001.0], [255.0, 1027.0], [68.0, 1025.0]]
2025-08-14 21:03:57,216 - DEBUG -   字符数量: 9
2025-08-14 21:03:57,216 - DEBUG -   识别文字: '肇新合同管理系统v1.4' (置信度: 0.830)
2025-08-14 21:03:57,217 - DEBUG -   边界框: [[70.0, 1104.0], [297.0, 1104.0], [297.0, 1124.0], [70.0, 1124.0]]
2025-08-14 21:03:57,217 - DEBUG -   字符数量: 12
2025-08-14 21:03:57,217 - INFO - 第 5/9 页处理完成
2025-08-14 21:03:57,217 - INFO -   识别项目数: 20
2025-08-14 21:03:57,217 - INFO -   OCR耗时: 0.84秒
2025-08-14 21:03:57,217 - INFO -   页面总耗时: 0.85秒
2025-08-14 21:03:57,217 - INFO -   总体进度: 55.6% (5/9)
2025-08-14 21:03:57,217 - INFO - ------------------------------
2025-08-14 21:03:57,217 - INFO - 处理第 6/9 页...
2025-08-14 21:03:57,222 - INFO -   页面渲染完成，尺寸: 834x1250，耗时: 0.01秒
2025-08-14 21:03:59,962 - DEBUG -   识别文字: '58000' (置信度: 0.779)
2025-08-14 21:03:59,962 - DEBUG -   边界框: [[65.0, 69.0], [134.0, 69.0], [134.0, 97.0], [65.0, 97.0]]
2025-08-14 21:03:59,962 - DEBUG -   字符数量: 5
2025-08-14 21:03:59,962 - DEBUG -   识别文字: '58000.00' (置信度: 0.888)
2025-08-14 21:03:59,962 - DEBUG -   边界框: [[67.0, 171.0], [167.0, 171.0], [167.0, 198.0], [67.0, 198.0]]
2025-08-14 21:03:59,962 - DEBUG -   字符数量: 8
2025-08-14 21:03:59,962 - DEBUG -   识别文字: '金额合计（含税价，元）' (置信度: 0.894)
2025-08-14 21:03:59,962 - DEBUG -   边界框: [[68.0, 221.0], [314.0, 223.0], [314.0, 249.0], [68.0, 247.0]]
2025-08-14 21:03:59,962 - DEBUG -   字符数量: 11
2025-08-14 21:03:59,962 - DEBUG -   识别文字: '58000.00' (置信度: 0.888)
2025-08-14 21:03:59,962 - DEBUG -   边界框: [[67.0, 272.0], [167.0, 272.0], [167.0, 299.0], [67.0, 299.0]]
2025-08-14 21:03:59,962 - DEBUG -   字符数量: 8
2025-08-14 21:03:59,963 - DEBUG -   识别文字: '本合同产品/服务合计金额为¥58000元（含税，大写：人民市伍方' (置信度: 0.885)
2025-08-14 21:03:59,963 - DEBUG -   边界框: [[70.0, 347.0], [743.0, 347.0], [743.0, 370.0], [70.0, 370.0]]
2025-08-14 21:03:59,963 - DEBUG -   字符数量: 32
2025-08-14 21:03:59,963 - DEBUG -   识别文字: '捌仟元圆整），税率【1%】，税额【574.26】元。' (置信度: 0.907)
2025-08-14 21:03:59,963 - DEBUG -   边界框: [[67.0, 373.0], [577.0, 374.0], [577.0, 400.0], [67.0, 399.0]]
2025-08-14 21:03:59,963 - DEBUG -   字符数量: 26
2025-08-14 21:03:59,963 - DEBUG -   识别文字: '（1）甲乙双方签订合同后，甲方需于合同生效日起7个工作日内支' (置信度: 0.945)
2025-08-14 21:03:59,963 - DEBUG -   边界框: [[74.0, 424.0], [743.0, 422.0], [743.0, 448.0], [74.0, 450.0]]
2025-08-14 21:03:59,963 - DEBUG -   字符数量: 30
2025-08-14 21:03:59,963 - DEBUG -   识别文字: '付款项：金额为【58000】元（人民币大写【伍万捌仟元】圆整）' (置信度: 0.915)
2025-08-14 21:03:59,963 - DEBUG -   边界框: [[68.0, 450.0], [722.0, 452.0], [722.0, 478.0], [68.0, 476.0]]
2025-08-14 21:03:59,963 - DEBUG -   字符数量: 31
2025-08-14 21:03:59,963 - DEBUG -   识别文字: '八、违约责任' (置信度: 0.798)
2025-08-14 21:03:59,963 - DEBUG -   边界框: [[69.0, 503.0], [206.0, 503.0], [206.0, 527.0], [69.0, 527.0]]
2025-08-14 21:03:59,963 - DEBUG -   字符数量: 6
2025-08-14 21:03:59,963 - DEBUG -   识别文字: '8.1甲方有下列情形之一的，乙方有权解除本合同：' (置信度: 0.876)
2025-08-14 21:03:59,963 - DEBUG -   边界框: [[69.0, 554.0], [576.0, 554.0], [576.0, 577.0], [69.0, 577.0]]
2025-08-14 21:03:59,963 - DEBUG -   字符数量: 24
2025-08-14 21:03:59,963 - DEBUG -   识别文字: '（1）逾期支付费用超过30天的；' (置信度: 0.897)
2025-08-14 21:03:59,963 - DEBUG -   边界框: [[75.0, 603.0], [401.0, 602.0], [401.0, 629.0], [75.0, 630.0]]
2025-08-14 21:03:59,963 - DEBUG -   字符数量: 16
2025-08-14 21:03:59,963 - DEBUG -   识别文字: '（2）甲方有其他违约行为，依照法定或约定乙方有权解除的。' (置信度: 0.930)
2025-08-14 21:03:59,963 - DEBUG -   边界框: [[75.0, 653.0], [685.0, 651.0], [685.0, 678.0], [75.0, 680.0]]
2025-08-14 21:03:59,963 - DEBUG -   字符数量: 28
2025-08-14 21:03:59,963 - DEBUG -   识别文字: '8.2乙方有下列情形之一的，甲方有权解除本合同：' (置信度: 0.879)
2025-08-14 21:03:59,963 - DEBUG -   边界框: [[69.0, 705.0], [575.0, 705.0], [575.0, 728.0], [69.0, 728.0]]
2025-08-14 21:03:59,963 - DEBUG -   字符数量: 24
2025-08-14 21:03:59,963 - DEBUG -   识别文字: '（1）逾期交付超过10日的；' (置信度: 0.868)
2025-08-14 21:03:59,963 - DEBUG -   边界框: [[76.0, 754.0], [355.0, 754.0], [355.0, 780.0], [76.0, 780.0]]
2025-08-14 21:03:59,964 - DEBUG -   字符数量: 14
2025-08-14 21:03:59,964 - DEBUG -   识别文字: '（2）乙方提供的软件存在知识产权争议的；' (置信度: 0.880)
2025-08-14 21:03:59,964 - DEBUG -   边界框: [[74.0, 804.0], [511.0, 803.0], [511.0, 830.0], [74.0, 831.0]]
2025-08-14 21:03:59,964 - DEBUG -   字符数量: 20
2025-08-14 21:03:59,964 - DEBUG -   识别文字: '（3）乙方有其他违约行为，依照法定或约定甲方有权解除的。' (置信度: 0.905)
2025-08-14 21:03:59,964 - DEBUG -   边界框: [[74.0, 855.0], [685.0, 853.0], [685.0, 879.0], [74.0, 881.0]]
2025-08-14 21:03:59,964 - DEBUG -   字符数量: 28
2025-08-14 21:03:59,964 - DEBUG -   识别文字: '8.3任何一方有其他违反本合同情形的，应赔偿守约方全部损失，该' (置信度: 0.918)
2025-08-14 21:03:59,964 - DEBUG -   边界框: [[69.0, 908.0], [743.0, 908.0], [743.0, 928.0], [69.0, 928.0]]
2025-08-14 21:03:59,964 - DEBUG -   字符数量: 31
2025-08-14 21:03:59,964 - DEBUG -   识别文字: '损失包括但不限于对守约方所造成的直接损失、间接经济损失及守约' (置信度: 0.934)
2025-08-14 21:03:59,964 - DEBUG -   边界框: [[69.0, 933.0], [755.0, 933.0], [755.0, 957.0], [69.0, 957.0]]
2025-08-14 21:03:59,964 - DEBUG -   字符数量: 30
2025-08-14 21:03:59,964 - DEBUG -   识别文字: '方为实现本协议项下权益所支出的诉讼费、保全费、财产保全担保' (置信度: 0.952)
2025-08-14 21:03:59,964 - DEBUG -   边界框: [[69.0, 962.0], [735.0, 962.0], [735.0, 985.0], [69.0, 985.0]]
2025-08-14 21:03:59,964 - DEBUG -   字符数量: 29
2025-08-14 21:03:59,964 - DEBUG -   识别文字: '费、公告费、执行费、律师费、仲裁费、过户费、评估费、鉴定费、' (置信度: 0.929)
2025-08-14 21:03:59,964 - DEBUG -   边界框: [[70.0, 990.0], [738.0, 990.0], [738.0, 1010.0], [70.0, 1010.0]]
2025-08-14 21:03:59,964 - DEBUG -   字符数量: 30
2025-08-14 21:03:59,964 - DEBUG -   识别文字: '拍卖费、差旅费、公证认证费、翻译费、催收费用等合理支出。' (置信度: 0.925)
2025-08-14 21:03:59,964 - DEBUG -   边界框: [[68.0, 1017.0], [695.0, 1017.0], [695.0, 1040.0], [68.0, 1040.0]]
2025-08-14 21:03:59,964 - DEBUG -   字符数量: 28
2025-08-14 21:03:59,965 - DEBUG -   识别文字: '8.4经甲方催告，乙方不能按时完成交付合格标的产品的，每逾期一' (置信度: 0.891)
2025-08-14 21:03:59,965 - DEBUG -   边界框: [[68.0, 1067.0], [742.0, 1067.0], [742.0, 1090.0], [68.0, 1090.0]]
2025-08-14 21:03:59,965 - DEBUG -   字符数量: 31
2025-08-14 21:03:59,965 - DEBUG -   识别文字: '日按照合同总金额的0.5%向甲方支付逾期违约金。' (置信度: 0.891)
2025-08-14 21:03:59,965 - DEBUG -   边界框: [[71.0, 1093.0], [576.0, 1093.0], [576.0, 1116.0], [71.0, 1116.0]]
2025-08-14 21:03:59,965 - DEBUG -   字符数量: 24
2025-08-14 21:03:59,965 - DEBUG -   识别文字: '8.5甲方未获得乙方同意而逾期付款的，每逾期一日按照合同总金额' (置信度: 0.897)
2025-08-14 21:03:59,965 - DEBUG -   边界框: [[68.0, 1145.0], [744.0, 1145.0], [744.0, 1168.0], [68.0, 1168.0]]
2025-08-14 21:03:59,965 - DEBUG -   字符数量: 31
2025-08-14 21:03:59,965 - INFO - 第 6/9 页处理完成
2025-08-14 21:03:59,965 - INFO -   识别项目数: 24
2025-08-14 21:03:59,965 - INFO -   OCR耗时: 2.74秒
2025-08-14 21:03:59,965 - INFO -   页面总耗时: 2.75秒
2025-08-14 21:03:59,965 - INFO -   总体进度: 66.7% (6/9)
2025-08-14 21:03:59,965 - INFO - ------------------------------
2025-08-14 21:03:59,965 - INFO - 处理第 7/9 页...
2025-08-14 21:03:59,970 - INFO -   页面渲染完成，尺寸: 834x1250，耗时: 0.00秒
2025-08-14 21:04:02,641 - DEBUG -   识别文字: '的0.5%向乙方支付逾期违约金。' (置信度: 0.822)
2025-08-14 21:04:02,641 - DEBUG -   边界框: [[68.0, 70.0], [394.0, 71.0], [394.0, 94.0], [68.0, 93.0]]
2025-08-14 21:04:02,641 - DEBUG -   字符数量: 16
2025-08-14 21:04:02,641 - DEBUG -   识别文字: '九、保密条款及免责相关' (置信度: 0.807)
2025-08-14 21:04:02,641 - DEBUG -   边界框: [[67.0, 121.0], [320.0, 121.0], [320.0, 144.0], [67.0, 144.0]]
2025-08-14 21:04:02,641 - DEBUG -   字符数量: 11
2025-08-14 21:04:02,641 - DEBUG -   识别文字: '9.1无论是在本合同有效期内，还是在本合同中止或解除后，任何一' (置信度: 0.893)
2025-08-14 21:04:02,641 - DEBUG -   边界框: [[68.0, 172.0], [749.0, 172.0], [749.0, 195.0], [68.0, 195.0]]
2025-08-14 21:04:02,641 - DEBUG -   字符数量: 31
2025-08-14 21:04:02,641 - DEBUG -   识别文字: '方对本合同内容，及在本合同履行过程中以任何方式获知的另一方商' (置信度: 0.937)
2025-08-14 21:04:02,641 - DEBUG -   边界框: [[70.0, 200.0], [755.0, 200.0], [755.0, 223.0], [70.0, 223.0]]
2025-08-14 21:04:02,641 - DEBUG -   字符数量: 30
2025-08-14 21:04:02,641 - DEBUG -   识别文字: '业秘密或其他技术及经营信息等均负有保密义务，不得向任何其他第' (置信度: 0.914)
2025-08-14 21:04:02,641 - DEBUG -   边界框: [[71.0, 228.0], [754.0, 228.0], [754.0, 248.0], [71.0, 248.0]]
2025-08-14 21:04:02,641 - DEBUG -   字符数量: 30
2025-08-14 21:04:02,641 - DEBUG -   识别文字: '三方透露或泄露。但中国现行法律、法规另有规定或经另一方书面同' (置信度: 0.915)
2025-08-14 21:04:02,641 - DEBUG -   边界框: [[70.0, 254.0], [757.0, 254.0], [757.0, 277.0], [70.0, 277.0]]
2025-08-14 21:04:02,641 - DEBUG -   字符数量: 30
2025-08-14 21:04:02,641 - DEBUG -   识别文字: '意除外。' (置信度: 0.662)
2025-08-14 21:04:02,641 - DEBUG -   边界框: [[67.0, 280.0], [150.0, 280.0], [150.0, 307.0], [67.0, 307.0]]
2025-08-14 21:04:02,641 - DEBUG -   字符数量: 4
2025-08-14 21:04:02,642 - DEBUG -   识别文字: '9.2本软件及所附带的文件是作为不提供任何明确的或隐含的赔偿或' (置信度: 0.944)
2025-08-14 21:04:02,642 - DEBUG -   边界框: [[69.0, 335.0], [749.0, 335.0], [749.0, 355.0], [69.0, 355.0]]
2025-08-14 21:04:02,642 - DEBUG -   字符数量: 31
2025-08-14 21:04:02,642 - DEBUG -   识别文字: '担保的形式提供的。' (置信度: 0.830)
2025-08-14 21:04:02,642 - DEBUG -   边界框: [[67.0, 358.0], [260.0, 361.0], [259.0, 384.0], [67.0, 382.0]]
2025-08-14 21:04:02,642 - DEBUG -   字符数量: 9
2025-08-14 21:04:02,642 - DEBUG -   识别文字: '9.3甲方出于自愿而使用本软件，甲方已经了解并认同自己使用本软' (置信度: 0.833)
2025-08-14 21:04:02,642 - DEBUG -   边界框: [[68.0, 412.0], [749.0, 411.0], [749.0, 434.0], [68.0, 435.0]]
2025-08-14 21:04:02,642 - DEBUG -   字符数量: 31
2025-08-14 21:04:02,642 - DEBUG -   识别文字: '件的风险，乙方在任何情况下不就因使用或不能使用本软件产品所发' (置信度: 0.932)
2025-08-14 21:04:02,642 - DEBUG -   边界框: [[70.0, 440.0], [754.0, 440.0], [754.0, 460.0], [70.0, 460.0]]
2025-08-14 21:04:02,642 - DEBUG -   字符数量: 30
2025-08-14 21:04:02,642 - DEBUG -   识别文字: '生的特殊的、意外的、直接或间接的损失承担赔偿责任。' (置信度: 0.930)
2025-08-14 21:04:02,642 - DEBUG -   边界框: [[70.0, 466.0], [627.0, 466.0], [627.0, 489.0], [70.0, 489.0]]
2025-08-14 21:04:02,642 - DEBUG -   字符数量: 25
2025-08-14 21:04:02,642 - DEBUG -   识别文字: '十、争议解决' (置信度: 0.734)
2025-08-14 21:04:02,642 - DEBUG -   边界框: [[68.0, 539.0], [207.0, 539.0], [207.0, 563.0], [68.0, 563.0]]
2025-08-14 21:04:02,642 - DEBUG -   字符数量: 6
2025-08-14 21:04:02,642 - DEBUG -   识别文字: '10.1本合同在履行中如发生争议，双方应协商解决，协商不成时，可' (置信度: 0.920)
2025-08-14 21:04:02,642 - DEBUG -   边界框: [[69.0, 591.0], [760.0, 591.0], [760.0, 611.0], [69.0, 611.0]]
2025-08-14 21:04:02,642 - DEBUG -   字符数量: 32
2025-08-14 21:04:02,642 - DEBUG -   识别文字: '在甲方或乙方所在地的法院起诉。' (置信度: 0.934)
2025-08-14 21:04:02,642 - DEBUG -   边界框: [[69.0, 617.0], [398.0, 617.0], [398.0, 640.0], [69.0, 640.0]]
2025-08-14 21:04:02,642 - DEBUG -   字符数量: 15
2025-08-14 21:04:02,642 - DEBUG -   识别文字: '10.2双方联系方式如下：' (置信度: 0.883)
2025-08-14 21:04:02,642 - DEBUG -   边界框: [[70.0, 669.0], [320.0, 669.0], [320.0, 689.0], [70.0, 689.0]]
2025-08-14 21:04:02,642 - DEBUG -   字符数量: 13
2025-08-14 21:04:02,642 - DEBUG -   识别文字: '甲方联系方式如下：' (置信度: 0.856)
2025-08-14 21:04:02,642 - DEBUG -   边界框: [[70.0, 717.0], [270.0, 717.0], [270.0, 743.0], [70.0, 743.0]]
2025-08-14 21:04:02,642 - DEBUG -   字符数量: 9
2025-08-14 21:04:02,642 - DEBUG -   识别文字: '联系人：电子邮箱：' (置信度: 0.842)
2025-08-14 21:04:02,643 - DEBUG -   边界框: [[68.0, 768.0], [278.0, 768.0], [278.0, 791.0], [68.0, 791.0]]
2025-08-14 21:04:02,643 - DEBUG -   字符数量: 9
2025-08-14 21:04:02,643 - DEBUG -   识别文字: '联系人手机：微信号：' (置信度: 0.866)
2025-08-14 21:04:02,643 - DEBUG -   边界框: [[69.0, 818.0], [299.0, 818.0], [299.0, 841.0], [69.0, 841.0]]
2025-08-14 21:04:02,643 - DEBUG -   字符数量: 10
2025-08-14 21:04:02,643 - DEBUG -   识别文字: '电话：传真：' (置信度: 0.787)
2025-08-14 21:04:02,643 - DEBUG -   边界框: [[67.0, 866.0], [210.0, 869.0], [209.0, 896.0], [67.0, 893.0]]
2025-08-14 21:04:02,643 - DEBUG -   字符数量: 6
2025-08-14 21:04:02,643 - DEBUG -   识别文字: '甲方通讯地址：' (置信度: 0.833)
2025-08-14 21:04:02,643 - DEBUG -   边界框: [[70.0, 917.0], [225.0, 920.0], [224.0, 944.0], [70.0, 941.0]]
2025-08-14 21:04:02,643 - DEBUG -   字符数量: 7
2025-08-14 21:04:02,643 - DEBUG -   识别文字: '乙方联系方式如下：' (置信度: 0.843)
2025-08-14 21:04:02,643 - DEBUG -   边界框: [[71.0, 971.0], [270.0, 971.0], [270.0, 994.0], [71.0, 994.0]]
2025-08-14 21:04:02,643 - DEBUG -   字符数量: 9
2025-08-14 21:04:02,643 - DEBUG -   识别文字: '联系人：范慧斌电子邮箱：fanhuibin@zhaoxinms.com' (置信度: 0.915)
2025-08-14 21:04:02,643 - DEBUG -   边界框: [[68.0, 1020.0], [626.0, 1021.0], [625.0, 1045.0], [68.0, 1044.0]]
2025-08-14 21:04:02,643 - DEBUG -   字符数量: 35
2025-08-14 21:04:02,643 - DEBUG -   识别文字: '联系人手机：13671354640微信号：zha0xinms' (置信度: 0.871)
2025-08-14 21:04:02,643 - DEBUG -   边界框: [[68.0, 1071.0], [561.0, 1072.0], [561.0, 1095.0], [68.0, 1094.0]]
2025-08-14 21:04:02,643 - DEBUG -   字符数量: 30
2025-08-14 21:04:02,643 - DEBUG -   识别文字: '电话：13671354640传真：无' (置信度: 0.908)
2025-08-14 21:04:02,643 - DEBUG -   边界框: [[71.0, 1123.0], [377.0, 1123.0], [377.0, 1143.0], [71.0, 1143.0]]
2025-08-14 21:04:02,643 - DEBUG -   字符数量: 18
2025-08-14 21:04:02,643 - INFO - 第 7/9 页处理完成
2025-08-14 21:04:02,643 - INFO -   识别项目数: 25
2025-08-14 21:04:02,643 - INFO -   OCR耗时: 2.67秒
2025-08-14 21:04:02,643 - INFO -   页面总耗时: 2.68秒
2025-08-14 21:04:02,643 - INFO -   总体进度: 77.8% (7/9)
2025-08-14 21:04:02,643 - INFO - ------------------------------
2025-08-14 21:04:02,643 - INFO - 处理第 8/9 页...
2025-08-14 21:04:02,648 - INFO -   页面渲染完成，尺寸: 834x1250，耗时: 0.00秒
2025-08-14 21:04:05,696 - DEBUG -   识别文字: '乙方通讯地址：太原市小店区平阳路1号金茂大厦B座26层A2-B-C-D' (置信度: 0.914)
2025-08-14 21:04:05,697 - DEBUG -   边界框: [[72.0, 71.0], [745.0, 71.0], [745.0, 91.0], [72.0, 91.0]]
2025-08-14 21:04:05,697 - DEBUG -   字符数量: 35
2025-08-14 21:04:05,697 - DEBUG -   识别文字: 'E-F区' (置信度: 0.797)
2025-08-14 21:04:05,697 - DEBUG -   边界框: [[65.0, 95.0], [128.0, 98.0], [126.0, 126.0], [64.0, 123.0]]
2025-08-14 21:04:05,697 - DEBUG -   字符数量: 4
2025-08-14 21:04:05,697 - DEBUG -   识别文字: '甲乙双方任意一方变更以上任何信息，均应提前3个工作日书面通知' (置信度: 0.914)
2025-08-14 21:04:05,697 - DEBUG -   边界框: [[68.0, 146.0], [747.0, 148.0], [747.0, 174.0], [68.0, 172.0]]
2025-08-14 21:04:05,697 - DEBUG -   字符数量: 30
2025-08-14 21:04:05,697 - DEBUG -   识别文字: '另一方。' (置信度: 0.789)
2025-08-14 21:04:05,697 - DEBUG -   边界框: [[69.0, 176.0], [146.0, 176.0], [146.0, 201.0], [69.0, 201.0]]
2025-08-14 21:04:05,697 - DEBUG -   字符数量: 4
2025-08-14 21:04:05,697 - DEBUG -   识别文字: '甲乙双方确认以本条预留的联系方式及地址作为法律文书的送达地' (置信度: 0.873)
2025-08-14 21:04:05,697 - DEBUG -   边界框: [[70.0, 225.0], [733.0, 226.0], [733.0, 249.0], [70.0, 248.0]]
2025-08-14 21:04:05,697 - DEBUG -   字符数量: 29
2025-08-14 21:04:05,697 - DEBUG -   识别文字: '址，受送达人为上述预留的联系人，该送达地址适用于法院诉讼（含' (置信度: 0.921)
2025-08-14 21:04:05,697 - DEBUG -   边界框: [[70.0, 256.0], [755.0, 256.0], [755.0, 276.0], [70.0, 276.0]]
2025-08-14 21:04:05,697 - DEBUG -   字符数量: 30
2025-08-14 21:04:05,697 - DEBUG -   识别文字: '一审、二审、再审）、实现担保物权特别程序及执行阶段；甲乙双方' (置信度: 0.907)
2025-08-14 21:04:05,697 - DEBUG -   边界框: [[70.0, 282.0], [754.0, 282.0], [754.0, 305.0], [70.0, 305.0]]
2025-08-14 21:04:05,697 - DEBUG -   字符数量: 30
2025-08-14 21:04:05,697 - DEBUG -   识别文字: '同意按上述地址、电子邮箱、手机号、微信号等方式接收本协议项下' (置信度: 0.917)
2025-08-14 21:04:05,697 - DEBUG -   边界框: [[71.0, 310.0], [752.0, 310.0], [752.0, 331.0], [71.0, 331.0]]
2025-08-14 21:04:05,697 - DEBUG -   字符数量: 30
2025-08-14 21:04:05,697 - DEBUG -   识别文字: '的相关文件及涉诉后法院按该地址送达诉讼、执行文书。' (置信度: 0.933)
2025-08-14 21:04:05,697 - DEBUG -   边界框: [[70.0, 338.0], [627.0, 338.0], [627.0, 361.0], [70.0, 361.0]]
2025-08-14 21:04:05,697 - DEBUG -   字符数量: 25
2025-08-14 21:04:05,697 - DEBUG -   识别文字: '甲乙双方确认司法机关可以按照本条预留的联系方式，以传真、电子' (置信度: 0.913)
2025-08-14 21:04:05,697 - DEBUG -   边界框: [[70.0, 387.0], [755.0, 388.0], [755.0, 411.0], [70.0, 410.0]]
2025-08-14 21:04:05,697 - DEBUG -   字符数量: 30
2025-08-14 21:04:05,698 - DEBUG -   识别文字: '邮件、手机短信、微信号等通讯方式送达法律文书，采用该种送达方' (置信度: 0.962)
2025-08-14 21:04:05,698 - DEBUG -   边界框: [[69.0, 415.0], [755.0, 415.0], [755.0, 438.0], [69.0, 438.0]]
2025-08-14 21:04:05,698 - DEBUG -   字符数量: 30
2025-08-14 21:04:05,698 - DEBUG -   识别文字: '式的，以传真、电子邮件、短信、微信到达受送达人特定系统的日期' (置信度: 0.884)
2025-08-14 21:04:05,698 - DEBUG -   边界框: [[69.0, 443.0], [756.0, 443.0], [756.0, 466.0], [69.0, 466.0]]
2025-08-14 21:04:05,698 - DEBUG -   字符数量: 30
2025-08-14 21:04:05,698 - DEBUG -   识别文字: '为送达日期。' (置信度: 0.848)
2025-08-14 21:04:05,698 - DEBUG -   边界框: [[69.0, 470.0], [190.0, 470.0], [190.0, 494.0], [69.0, 494.0]]
2025-08-14 21:04:05,698 - DEBUG -   字符数量: 6
2025-08-14 21:04:05,698 - DEBUG -   识别文字: '甲乙双方保证送达地址准确、有效。如甲乙双方提供的送达地址不准' (置信度: 0.921)
2025-08-14 21:04:05,698 - DEBUG -   边界框: [[71.0, 521.0], [757.0, 521.0], [757.0, 544.0], [71.0, 544.0]]
2025-08-14 21:04:05,698 - DEBUG -   字符数量: 30
2025-08-14 21:04:05,698 - DEBUG -   识别文字: '确、地址变更未及时告知或本条约定的受送达人拒绝签收，导致上述' (置信度: 0.939)
2025-08-14 21:04:05,698 - DEBUG -   边界框: [[69.0, 548.0], [756.0, 548.0], [756.0, 571.0], [69.0, 571.0]]
2025-08-14 21:04:05,698 - DEBUG -   字符数量: 30
2025-08-14 21:04:05,698 - DEBUG -   识别文字: '文书未能被实际接受的，文书被退回之日为送达之日，由此导致的法' (置信度: 0.945)
2025-08-14 21:04:05,698 - DEBUG -   边界框: [[69.0, 576.0], [756.0, 576.0], [756.0, 599.0], [69.0, 599.0]]
2025-08-14 21:04:05,698 - DEBUG -   字符数量: 30
2025-08-14 21:04:05,698 - DEBUG -   识别文字: '律后果由该方自行承担。' (置信度: 0.912)
2025-08-14 21:04:05,698 - DEBUG -   边界框: [[69.0, 604.0], [307.0, 604.0], [307.0, 627.0], [69.0, 627.0]]
2025-08-14 21:04:05,698 - DEBUG -   字符数量: 11
2025-08-14 21:04:05,698 - DEBUG -   识别文字: '十一、生效及其他' (置信度: 0.849)
2025-08-14 21:04:05,698 - DEBUG -   边界框: [[68.0, 674.0], [252.0, 674.0], [252.0, 700.0], [68.0, 700.0]]
2025-08-14 21:04:05,698 - DEBUG -   字符数量: 8
2025-08-14 21:04:05,698 - DEBUG -   识别文字: '11.1本合同壹式贰份，双方各持壹份，具备同等法律效力。' (置信度: 0.865)
2025-08-14 21:04:05,698 - DEBUG -   边界框: [[69.0, 727.0], [656.0, 727.0], [656.0, 750.0], [69.0, 750.0]]
2025-08-14 21:04:05,698 - DEBUG -   字符数量: 28
2025-08-14 21:04:05,698 - DEBUG -   识别文字: '11.2本合同自双方法定代表人或授权代表签字或盖章并加盖公章后生' (置信度: 0.918)
2025-08-14 21:04:05,698 - DEBUG -   边界框: [[69.0, 778.0], [761.0, 778.0], [761.0, 798.0], [69.0, 798.0]]
2025-08-14 21:04:05,698 - DEBUG -   字符数量: 32
2025-08-14 21:04:05,698 - DEBUG -   识别文字: '效。' (置信度: 0.665)
2025-08-14 21:04:05,699 - DEBUG -   边界框: [[66.0, 799.0], [104.0, 804.0], [101.0, 833.0], [62.0, 828.0]]
2025-08-14 21:04:05,699 - DEBUG -   字符数量: 2
2025-08-14 21:04:05,699 - DEBUG -   识别文字: '11.3未尽事宜，本着友好协商的精神共同解决，以签订补充协议为' (置信度: 0.934)
2025-08-14 21:04:05,699 - DEBUG -   边界框: [[71.0, 856.0], [736.0, 856.0], [736.0, 876.0], [71.0, 876.0]]
2025-08-14 21:04:05,699 - DEBUG -   字符数量: 31
2025-08-14 21:04:05,699 - DEBUG -   识别文字: '准，与本合同有同等效力。' (置信度: 0.816)
2025-08-14 21:04:05,699 - DEBUG -   边界框: [[68.0, 882.0], [328.0, 883.0], [328.0, 906.0], [68.0, 905.0]]
2025-08-14 21:04:05,699 - DEBUG -   字符数量: 12
2025-08-14 21:04:05,699 - DEBUG -   识别文字: '（以下无正文，为签署页）' (置信度: 0.912)
2025-08-14 21:04:05,699 - DEBUG -   边界框: [[77.0, 1117.0], [336.0, 1117.0], [336.0, 1140.0], [77.0, 1140.0]]
2025-08-14 21:04:05,699 - DEBUG -   字符数量: 12
2025-08-14 21:04:05,699 - INFO - 第 8/9 页处理完成
2025-08-14 21:04:05,699 - INFO -   识别项目数: 24
2025-08-14 21:04:05,699 - INFO -   OCR耗时: 3.05秒
2025-08-14 21:04:05,699 - INFO -   页面总耗时: 3.06秒
2025-08-14 21:04:05,699 - INFO -   总体进度: 88.9% (8/9)
2025-08-14 21:04:05,699 - INFO - ------------------------------
2025-08-14 21:04:05,699 - INFO - 处理第 9/9 页...
2025-08-14 21:04:05,702 - INFO -   页面渲染完成，尺寸: 834x1250，耗时: 0.00秒
2025-08-14 21:04:07,091 - DEBUG -   识别文字: '甲方(盖章)：' (置信度: 0.831)
2025-08-14 21:04:07,091 - DEBUG -   边界框: [[69.0, 69.0], [197.0, 71.0], [196.0, 95.0], [69.0, 93.0]]
2025-08-14 21:04:07,091 - DEBUG -   字符数量: 7
2025-08-14 21:04:07,092 - DEBUG -   识别文字: '乙方（盖章）：山西肇新科技有限公司' (置信度: 0.818)
2025-08-14 21:04:07,092 - DEBUG -   边界框: [[71.0, 122.0], [420.0, 122.0], [420.0, 145.0], [71.0, 145.0]]
2025-08-14 21:04:07,092 - DEBUG -   字符数量: 17
2025-08-14 21:04:07,092 - DEBUG -   识别文字: '法定代表人（签字或盖章）：' (置信度: 0.901)
2025-08-14 21:04:07,092 - DEBUG -   边界框: [[69.0, 195.0], [360.0, 195.0], [360.0, 218.0], [69.0, 218.0]]
2025-08-14 21:04:07,092 - DEBUG -   字符数量: 13
2025-08-14 21:04:07,092 - DEBUG -   识别文字: '法定代表人（签字或盖章）：' (置信度: 0.904)
2025-08-14 21:04:07,092 - DEBUG -   边界框: [[69.0, 268.0], [361.0, 268.0], [361.0, 291.0], [69.0, 291.0]]
2025-08-14 21:04:07,092 - DEBUG -   字符数量: 13
2025-08-14 21:04:07,092 - DEBUG -   识别文字: '甲方发票开具信息：' (置信度: 0.883)
2025-08-14 21:04:07,092 - DEBUG -   边界框: [[70.0, 316.0], [270.0, 319.0], [269.0, 343.0], [70.0, 340.0]]
2025-08-14 21:04:07,092 - DEBUG -   字符数量: 9
2025-08-14 21:04:07,092 - DEBUG -   识别文字: '对公账号：485060100100305592' (置信度: 0.900)
2025-08-14 21:04:07,092 - DEBUG -   边界框: [[68.0, 392.0], [416.0, 392.0], [416.0, 415.0], [68.0, 415.0]]
2025-08-14 21:04:07,092 - DEBUG -   字符数量: 23
2025-08-14 21:04:07,092 - DEBUG -   识别文字: '开户行：兴业银行股份有限公司太原大营盘支行' (置信度: 0.941)
2025-08-14 21:04:07,092 - DEBUG -   边界框: [[69.0, 444.0], [549.0, 444.0], [549.0, 467.0], [69.0, 467.0]]
2025-08-14 21:04:07,092 - DEBUG -   字符数量: 21
2025-08-14 21:04:07,092 - DEBUG -   识别文字: '名称：' (置信度: 0.744)
2025-08-14 21:04:07,092 - DEBUG -   边界框: [[67.0, 491.0], [136.0, 491.0], [136.0, 519.0], [67.0, 519.0]]
2025-08-14 21:04:07,092 - DEBUG -   字符数量: 3
2025-08-14 21:04:07,094 - DEBUG -   识别文字: '纳税人识别号：' (置信度: 0.872)
2025-08-14 21:04:07,094 - DEBUG -   边界框: [[68.0, 542.0], [224.0, 542.0], [224.0, 566.0], [68.0, 566.0]]
2025-08-14 21:04:07,094 - DEBUG -   字符数量: 7
2025-08-14 21:04:07,094 - DEBUG -   识别文字: '地址：' (置信度: 0.686)
2025-08-14 21:04:07,094 - DEBUG -   边界框: [[66.0, 590.0], [138.0, 592.0], [137.0, 621.0], [65.0, 619.0]]
2025-08-14 21:04:07,094 - DEBUG -   字符数量: 3
2025-08-14 21:04:07,094 - DEBUG -   识别文字: '开户行及账号：' (置信度: 0.788)
2025-08-14 21:04:07,094 - DEBUG -   边界框: [[69.0, 644.0], [225.0, 644.0], [225.0, 668.0], [69.0, 668.0]]
2025-08-14 21:04:07,094 - DEBUG -   字符数量: 7
2025-08-14 21:04:07,094 - DEBUG -   识别文字: '名称：山西肇新科技有限公司' (置信度: 0.839)
2025-08-14 21:04:07,094 - DEBUG -   边界框: [[71.0, 718.0], [367.0, 718.0], [367.0, 741.0], [71.0, 741.0]]
2025-08-14 21:04:07,094 - DEBUG -   字符数量: 13
2025-08-14 21:04:07,094 - DEBUG -   识别文字: '纳税人识别号：91140105MA0LLW8Q1D' (置信度: 0.906)
2025-08-14 21:04:07,094 - DEBUG -   边界框: [[68.0, 766.0], [485.0, 768.0], [485.0, 793.0], [68.0, 791.0]]
2025-08-14 21:04:07,094 - DEBUG -   字符数量: 25
2025-08-14 21:04:07,094 - DEBUG -   识别文字: '地址：太原市小店区平阳路1号金茂大厦B座26层A2-B-C-D-E-F区（入' (置信度: 0.891)
2025-08-14 21:04:07,094 - DEBUG -   边界框: [[67.0, 815.0], [759.0, 816.0], [759.0, 842.0], [67.0, 841.0]]
2025-08-14 21:04:07,094 - DEBUG -   字符数量: 38
2025-08-14 21:04:07,094 - DEBUG -   识别文字: '驻山西亿企邦孵化园有限公司E区-087）' (置信度: 0.915)
2025-08-14 21:04:07,094 - DEBUG -   边界框: [[67.0, 843.0], [465.0, 845.0], [465.0, 871.0], [67.0, 869.0]]
2025-08-14 21:04:07,094 - DEBUG -   字符数量: 20
2025-08-14 21:04:07,094 - DEBUG -   识别文字: '签约日期：年月日' (置信度: 0.883)
2025-08-14 21:04:07,094 - DEBUG -   边界框: [[69.0, 915.0], [272.0, 918.0], [271.0, 944.0], [69.0, 941.0]]
2025-08-14 21:04:07,094 - DEBUG -   字符数量: 8
2025-08-14 21:04:07,094 - DEBUG -   识别文字: '签约日期：年月日' (置信度: 0.872)
2025-08-14 21:04:07,094 - DEBUG -   边界框: [[69.0, 967.0], [271.0, 970.0], [270.0, 994.0], [69.0, 992.0]]
2025-08-14 21:04:07,094 - DEBUG -   字符数量: 8
2025-08-14 21:04:07,094 - INFO - 第 9/9 页处理完成
2025-08-14 21:04:07,094 - INFO -   识别项目数: 17
2025-08-14 21:04:07,094 - INFO -   OCR耗时: 1.39秒
2025-08-14 21:04:07,094 - INFO -   页面总耗时: 1.40秒
2025-08-14 21:04:07,094 - INFO -   总体进度: 100.0% (9/9)
2025-08-14 21:04:07,094 - INFO - ------------------------------
2025-08-14 21:04:07,094 - INFO - 坐标提取完成！
2025-08-14 21:04:07,094 - INFO - 总页数: 9
2025-08-14 21:04:07,094 - INFO - 总识别项目数: 197
